0:0:0:0:0:0:0:1 - - [02/Jun/2019:07:53:13 +0200] "GET /employees/1/entries/new? HTTP/1.1" 200 1581
0:0:0:0:0:0:0:1 - - [02/Jun/2019:07:53:15 +0200] "GET /employees/ HTTP/1.1" 200 1583
0:0:0:0:0:0:0:1 - - [02/Jun/2019:07:53:24 +0200] "GET /employees/1/entries HTTP/1.1" 200 1962
0:0:0:0:0:0:0:1 - - [02/Jun/2019:07:53:29 +0200] "GET /employees/1/entries/new? HTTP/1.1" 200 1581
0:0:0:0:0:0:0:1 - - [02/Jun/2019:07:53:36 +0200] "POST /employees/1/entries/new? HTTP/1.1" 302 -
0:0:0:0:0:0:0:1 - - [02/Jun/2019:07:53:36 +0200] "GET /employees/1/entries HTTP/1.1" 200 2233
0:0:0:0:0:0:0:1 - - [02/Jun/2019:07:53:38 +0200] "GET /employees/1/entries/12/update HTTP/1.1" 200 1612
0:0:0:0:0:0:0:1 - - [02/Jun/2019:07:53:46 +0200] "POST /employees/1/entries/12/update HTTP/1.1" 302 -
0:0:0:0:0:0:0:1 - - [02/Jun/2019:07:53:46 +0200] "GET /employees/1/entries HTTP/1.1" 200 2504
0:0:0:0:0:0:0:1 - - [02/Jun/2019:07:54:22 +0200] "GET /employees/1/entries/13/delete HTTP/1.1" 404 307
0:0:0:0:0:0:0:1 - - [02/Jun/2019:07:54:26 +0200] "GET /employees/1/entries/12/delete HTTP/1.1" 404 307
0:0:0:0:0:0:0:1 - - [02/Jun/2019:08:12:51 +0200] "GET /employees HTTP/1.1" 200 1583
0:0:0:0:0:0:0:1 - - [02/Jun/2019:11:29:12 +0200] "GET /employees HTTP/1.1" 200 1586
0:0:0:0:0:0:0:1 - - [02/Jun/2019:11:29:12 +0200] "GET /favicon.ico HTTP/1.1" 200 104943
0:0:0:0:0:0:0:1 - - [02/Jun/2019:11:29:14 +0200] "GET /employees/10/entries HTTP/1.1" 200 1975
0:0:0:0:0:0:0:1 - - [02/Jun/2019:11:29:19 +0200] "GET /albums HTTP/1.1" 500 71373
0:0:0:0:0:0:0:1 - - [02/Jun/2019:11:29:24 +0200] "GET /album HTTP/1.1" 404 307
0:0:0:0:0:0:0:1 - - [02/Jun/2019:11:29:59 +0200] "GET /albums HTTP/1.1" 500 71350
0:0:0:0:0:0:0:1 - - [02/Jun/2019:11:32:01 +0200] "GET /albumList HTTP/1.1" 404 307
0:0:0:0:0:0:0:1 - - [02/Jun/2019:11:32:20 +0200] "GET /albums HTTP/1.1" 200 1536
0:0:0:0:0:0:0:1 - - [02/Jun/2019:11:39:09 +0200] "GET /employees HTTP/1.1" 200 1586
0:0:0:0:0:0:0:1 - - [02/Jun/2019:11:40:04 +0200] "GET /employees HTTP/1.1" 200 1564
0:0:0:0:0:0:0:1 - - [02/Jun/2019:11:40:11 +0200] "GET /albums HTTP/1.1" 200 1404
0:0:0:0:0:0:0:1 - - [02/Jun/2019:11:40:15 +0200] "GET /albums/7/songs HTTP/1.1" 404 307
0:0:0:0:0:0:0:1 - - [02/Jun/2019:11:40:46 +0200] "GET /albums HTTP/1.1" 200 1404
0:0:0:0:0:0:0:1 - - [02/Jun/2019:12:13:03 +0200] "GET /albums HTTP/1.1" 200 1429
0:0:0:0:0:0:0:1 - - [02/Jun/2019:12:13:03 +0200] "GET /favicon.ico HTTP/1.1" 200 104943
0:0:0:0:0:0:0:1 - - [02/Jun/2019:12:13:08 +0200] "GET /albums/7/songs HTTP/1.1" 200 2920
0:0:0:0:0:0:0:1 - - [02/Jun/2019:12:13:20 +0200] "GET /albums/8/songs HTTP/1.1" 200 1807
0:0:0:0:0:0:0:1 - - [02/Jun/2019:12:13:23 +0200] "GET /albums/9/songs HTTP/1.1" 200 1807
0:0:0:0:0:0:0:1 - - [02/Jun/2019:12:13:44 +0200] "GET /albums/7/songs HTTP/1.1" 200 2920
0:0:0:0:0:0:0:1 - - [02/Jun/2019:12:17:04 +0200] "GET /albums HTTP/1.1" 200 1429
0:0:0:0:0:0:0:1 - - [02/Jun/2019:12:17:06 +0200] "GET /albums/7/songs HTTP/1.1" 200 2920
0:0:0:0:0:0:0:1 - - [02/Jun/2019:12:17:07 +0200] "GET /albums/7/songs/new? HTTP/1.1" 404 307
0:0:0:0:0:0:0:1 - - [02/Jun/2019:12:18:16 +0200] "GET /albums/7/songs HTTP/1.1" 500 10096
0:0:0:0:0:0:0:1 - - [02/Jun/2019:12:18:17 +0200] "GET /favicon.ico HTTP/1.1" 200 104943
0:0:0:0:0:0:0:1 - - [02/Jun/2019:12:18:20 +0200] "GET /albums/7/songs HTTP/1.1" 500 10096
0:0:0:0:0:0:0:1 - - [02/Jun/2019:12:21:38 +0200] "GET /albums HTTP/1.1" 200 1429
0:0:0:0:0:0:0:1 - - [02/Jun/2019:12:21:39 +0200] "GET /favicon.ico HTTP/1.1" 200 104943
0:0:0:0:0:0:0:1 - - [02/Jun/2019:12:21:41 +0200] "GET /albums/7/songs HTTP/1.1" 500 9037
0:0:0:0:0:0:0:1 - - [02/Jun/2019:12:28:31 +0200] "GET /albums/7/songs HTTP/1.1" 200 1264
0:0:0:0:0:0:0:1 - - [02/Jun/2019:12:28:31 +0200] "GET /favicon.ico HTTP/1.1" 200 104943
0:0:0:0:0:0:0:1 - - [02/Jun/2019:12:28:37 +0200] "GET /albums/7/songs HTTP/1.1" 200 2920
0:0:0:0:0:0:0:1 - - [02/Jun/2019:12:28:39 +0200] "GET /albums/7/songs/new? HTTP/1.1" 404 307
0:0:0:0:0:0:0:1 - - [02/Jun/2019:12:31:19 +0200] "GET /albums/7/songs HTTP/1.1" 500 6884
0:0:0:0:0:0:0:1 - - [02/Jun/2019:12:31:19 +0200] "GET /favicon.ico HTTP/1.1" 200 104943
0:0:0:0:0:0:0:1 - - [02/Jun/2019:12:31:21 +0200] "GET /albums/7/songs HTTP/1.1" 500 6884
0:0:0:0:0:0:0:1 - - [02/Jun/2019:12:31:24 +0200] "GET /albums/8/songs HTTP/1.1" 500 6884
0:0:0:0:0:0:0:1 - - [02/Jun/2019:12:31:29 +0200] "GET /albums/9/songs HTTP/1.1" 200 1807
0:0:0:0:0:0:0:1 - - [02/Jun/2019:12:33:15 +0200] "GET /albums/9/songs HTTP/1.1" 200 1807
0:0:0:0:0:0:0:1 - - [02/Jun/2019:12:33:15 +0200] "GET /favicon.ico HTTP/1.1" 200 104943
0:0:0:0:0:0:0:1 - - [02/Jun/2019:12:33:19 +0200] "GET /albums/7/songs HTTP/1.1" 500 6884
0:0:0:0:0:0:0:1 - - [02/Jun/2019:12:33:28 +0200] "GET /albums/8/songs HTTP/1.1" 500 6884
0:0:0:0:0:0:0:1 - - [02/Jun/2019:12:33:31 +0200] "GET /albums/9/songs HTTP/1.1" 200 1807
0:0:0:0:0:0:0:1 - - [02/Jun/2019:12:33:38 +0200] "GET /albums/9/songs HTTP/1.1" 200 1807
0:0:0:0:0:0:0:1 - - [02/Jun/2019:12:33:55 +0200] "GET /albums/9/songs HTTP/1.1" 200 1807
0:0:0:0:0:0:0:1 - - [02/Jun/2019:12:34:08 +0200] "GET /albums/1/songs HTTP/1.1" 500 6884
0:0:0:0:0:0:0:1 - - [02/Jun/2019:12:34:11 +0200] "GET /albums/2/songs HTTP/1.1" 500 6884
0:0:0:0:0:0:0:1 - - [02/Jun/2019:12:34:15 +0200] "GET /albums/7/songs HTTP/1.1" 500 6884
0:0:0:0:0:0:0:1 - - [02/Jun/2019:12:34:19 +0200] "GET /albums/9/songs HTTP/1.1" 200 1807
0:0:0:0:0:0:0:1 - - [02/Jun/2019:12:34:25 +0200] "GET /albums/10/songs HTTP/1.1" 500 6884
0:0:0:0:0:0:0:1 - - [02/Jun/2019:12:37:41 +0200] "GET /albums HTTP/1.1" 200 1429
0:0:0:0:0:0:0:1 - - [02/Jun/2019:12:37:42 +0200] "GET /albums/2/songs HTTP/1.1" 200 1264
0:0:0:0:0:0:0:1 - - [02/Jun/2019:12:37:44 +0200] "GET /albums/2/songs HTTP/1.1" 200 1264
0:0:0:0:0:0:0:1 - - [02/Jun/2019:12:37:45 +0200] "GET /favicon.ico HTTP/1.1" 200 104943
0:0:0:0:0:0:0:1 - - [02/Jun/2019:12:37:46 +0200] "GET /albums/2/songs HTTP/1.1" 200 1264
0:0:0:0:0:0:0:1 - - [02/Jun/2019:12:37:46 +0200] "GET /favicon.ico HTTP/1.1" 200 104943
0:0:0:0:0:0:0:1 - - [02/Jun/2019:12:37:47 +0200] "GET /albums/1/songs HTTP/1.1" 200 1264
0:0:0:0:0:0:0:1 - - [02/Jun/2019:12:37:50 +0200] "GET /albums/3/songs HTTP/1.1" 200 1264
0:0:0:0:0:0:0:1 - - [02/Jun/2019:12:38:33 +0200] "GET /albums HTTP/1.1" 200 1429
0:0:0:0:0:0:0:1 - - [02/Jun/2019:12:38:34 +0200] "GET /favicon.ico HTTP/1.1" 200 104943
0:0:0:0:0:0:0:1 - - [02/Jun/2019:12:38:34 +0200] "GET /albums/7/songs HTTP/1.1" 200 1264
0:0:0:0:0:0:0:1 - - [02/Jun/2019:12:39:27 +0200] "GET /albums HTTP/1.1" 200 1429
0:0:0:0:0:0:0:1 - - [02/Jun/2019:12:39:27 +0200] "GET /favicon.ico HTTP/1.1" 200 104943
0:0:0:0:0:0:0:1 - - [02/Jun/2019:12:39:30 +0200] "GET /albums/1/songs HTTP/1.1" 200 2920
0:0:0:0:0:0:0:1 - - [02/Jun/2019:12:39:35 +0200] "GET /albums/9/songs HTTP/1.1" 200 1807
0:0:0:0:0:0:0:1 - - [02/Jun/2019:12:39:39 +0200] "GET /albums/6/songs HTTP/1.1" 200 1807
0:0:0:0:0:0:0:1 - - [02/Jun/2019:12:40:09 +0200] "GET /albums/1/songs HTTP/1.1" 200 2920
0:0:0:0:0:0:0:1 - - [02/Jun/2019:12:41:26 +0200] "GET /albums HTTP/1.1" 200 1429
0:0:0:0:0:0:0:1 - - [02/Jun/2019:12:41:26 +0200] "GET /favicon.ico HTTP/1.1" 200 104943
0:0:0:0:0:0:0:1 - - [02/Jun/2019:12:41:27 +0200] "GET /albums/9/songs HTTP/1.1" 200 1807
0:0:0:0:0:0:0:1 - - [02/Jun/2019:12:41:30 +0200] "GET /albums/6/songs HTTP/1.1" 200 1807
0:0:0:0:0:0:0:1 - - [02/Jun/2019:12:41:33 +0200] "GET /albums/1/songs HTTP/1.1" 200 2920
0:0:0:0:0:0:0:1 - - [02/Jun/2019:12:41:58 +0200] "GET /albums/1/songs HTTP/1.1" 200 2920
0:0:0:0:0:0:0:1 - - [02/Jun/2019:12:42:00 +0200] "GET /albums/1/songs/new? HTTP/1.1" 404 307
0:0:0:0:0:0:0:1 - - [02/Jun/2019:12:53:22 +0200] "GET /albums/1/songs/new? HTTP/1.1" 500 8882
0:0:0:0:0:0:0:1 - - [02/Jun/2019:12:55:11 +0200] "GET /employees HTTP/1.1" 200 1564
0:0:0:0:0:0:0:1 - - [02/Jun/2019:12:55:12 +0200] "GET /employees/10/entries HTTP/1.1" 200 1953
0:0:0:0:0:0:0:1 - - [02/Jun/2019:12:55:14 +0200] "GET /employees/10/entries/new? HTTP/1.1" 200 1559
0:0:0:0:0:0:0:1 - - [02/Jun/2019:12:56:49 +0200] "GET /albums HTTP/1.1" 200 1429
0:0:0:0:0:0:0:1 - - [02/Jun/2019:12:56:50 +0200] "GET /albums/1/songs HTTP/1.1" 200 2920
0:0:0:0:0:0:0:1 - - [02/Jun/2019:12:56:51 +0200] "GET /albums/1/songs/new? HTTP/1.1" 500 11628
0:0:0:0:0:0:0:1 - - [02/Jun/2019:12:57:54 +0200] "GET /albums/1/songs/new? HTTP/1.1" 200 1785
0:0:0:0:0:0:0:1 - - [02/Jun/2019:12:57:54 +0200] "GET /favicon.ico HTTP/1.1" 200 104943
0:0:0:0:0:0:0:1 - - [02/Jun/2019:12:58:29 +0200] "GET /albums/1/songs/new? HTTP/1.1" 200 1785
0:0:0:0:0:0:0:1 - - [02/Jun/2019:12:58:35 +0200] "POST /albums/1/songs/new? HTTP/1.1" 302 -
0:0:0:0:0:0:0:1 - - [02/Jun/2019:12:58:35 +0200] "GET /albums/1/songs HTTP/1.1" 200 3465
0:0:0:0:0:0:0:1 - - [02/Jun/2019:12:58:38 +0200] "GET /albums/1/songs/new? HTTP/1.1" 200 1785
0:0:0:0:0:0:0:1 - - [02/Jun/2019:12:58:44 +0200] "POST /albums/1/songs/new? HTTP/1.1" 302 -
0:0:0:0:0:0:0:1 - - [02/Jun/2019:12:58:44 +0200] "GET /albums/1/songs HTTP/1.1" 200 4022
0:0:0:0:0:0:0:1 - - [02/Jun/2019:12:59:06 +0200] "GET /employees HTTP/1.1" 200 1564
0:0:0:0:0:0:0:1 - - [02/Jun/2019:12:59:08 +0200] "GET /employees/10/entries HTTP/1.1" 200 1953
0:0:0:0:0:0:0:1 - - [02/Jun/2019:12:59:09 +0200] "GET /employees/10/entries/new? HTTP/1.1" 200 1559
0:0:0:0:0:0:0:1 - - [02/Jun/2019:12:59:12 +0200] "POST /employees/10/entries/new? HTTP/1.1" 302 -
0:0:0:0:0:0:0:1 - - [02/Jun/2019:12:59:12 +0200] "GET /employees/10/entries HTTP/1.1" 200 2207
0:0:0:0:0:0:0:1 - - [02/Jun/2019:12:59:16 +0200] "GET /employees/10/entries/23/update HTTP/1.1" 200 1567
0:0:0:0:0:0:0:1 - - [02/Jun/2019:12:59:22 +0200] "GET /employees/10/entries/23/update HTTP/1.1" 200 1567
0:0:0:0:0:0:0:1 - - [02/Jun/2019:13:01:16 +0200] "GET /albums HTTP/1.1" 200 1429
0:0:0:0:0:0:0:1 - - [02/Jun/2019:13:01:16 +0200] "GET /favicon.ico HTTP/1.1" 200 104943
0:0:0:0:0:0:0:1 - - [02/Jun/2019:13:01:17 +0200] "GET /albums/1/songs HTTP/1.1" 200 2918
0:0:0:0:0:0:0:1 - - [02/Jun/2019:13:02:33 +0200] "GET /albums/1/songs HTTP/1.1" 500 9037
0:0:0:0:0:0:0:1 - - [02/Jun/2019:13:02:33 +0200] "GET /favicon.ico HTTP/1.1" 200 104943
0:0:0:0:0:0:0:1 - - [02/Jun/2019:13:04:17 +0200] "GET /albums/1/songs HTTP/1.1" 500 9061
0:0:0:0:0:0:0:1 - - [02/Jun/2019:13:06:40 +0200] "GET /albums HTTP/1.1" 200 1429
0:0:0:0:0:0:0:1 - - [02/Jun/2019:13:06:40 +0200] "GET /favicon.ico HTTP/1.1" 200 104943
0:0:0:0:0:0:0:1 - - [02/Jun/2019:13:06:41 +0200] "GET /albums/9/songs HTTP/1.1" 200 1806
0:0:0:0:0:0:0:1 - - [02/Jun/2019:13:06:43 +0200] "GET /albums/9/songs/new? HTTP/1.1" 200 1785
0:0:0:0:0:0:0:1 - - [02/Jun/2019:13:06:48 +0200] "POST /albums/9/songs/new? HTTP/1.1" 302 -
0:0:0:0:0:0:0:1 - - [02/Jun/2019:13:06:48 +0200] "GET /albums/9/songs HTTP/1.1" 200 2349
0:0:0:0:0:0:0:1 - - [02/Jun/2019:13:06:52 +0200] "GET /albums/9/songs/new? HTTP/1.1" 200 1785
0:0:0:0:0:0:0:1 - - [02/Jun/2019:13:07:53 +0200] "GET /albums/9/songs/new? HTTP/1.1" 200 1782
0:0:0:0:0:0:0:1 - - [02/Jun/2019:13:08:04 +0200] "POST /albums/9/songs/new? HTTP/1.1" 302 -
0:0:0:0:0:0:0:1 - - [02/Jun/2019:13:08:04 +0200] "GET /albums/9/songs HTTP/1.1" 200 2352
0:0:0:0:0:0:0:1 - - [02/Jun/2019:13:08:08 +0200] "GET /albums/9/songs/new? HTTP/1.1" 200 1782
0:0:0:0:0:0:0:1 - - [02/Jun/2019:13:08:12 +0200] "POST /albums/9/songs/new? HTTP/1.1" 302 -
0:0:0:0:0:0:0:1 - - [02/Jun/2019:13:08:12 +0200] "GET /albums/9/songs HTTP/1.1" 200 2905
0:0:0:0:0:0:0:1 - - [02/Jun/2019:13:08:21 +0200] "GET /albums HTTP/1.1" 200 1429
0:0:0:0:0:0:0:1 - - [02/Jun/2019:13:08:26 +0200] "GET /albums HTTP/1.1" 200 1429
0:0:0:0:0:0:0:1 - - [02/Jun/2019:13:13:40 +0200] "GET /albums/1/songs HTTP/1.1" 200 2918
0:0:0:0:0:0:0:1 - - [02/Jun/2019:13:18:49 +0200] "GET /albums/1/songs/new? HTTP/1.1" 200 1782
0:0:0:0:0:0:0:1 - - [02/Jun/2019:13:19:40 +0200] "GET /albums/1/songs HTTP/1.1" 200 2918
0:0:0:0:0:0:0:1 - - [02/Jun/2019:13:20:07 +0200] "GET /albums/1/songs/new? HTTP/1.1" 200 1782
0:0:0:0:0:0:0:1 - - [02/Jun/2019:13:30:50 +0200] "GET /albums HTTP/1.1" 200 1429
0:0:0:0:0:0:0:1 - - [02/Jun/2019:13:30:51 +0200] "GET /albums/1/songs HTTP/1.1" 500 11473
0:0:0:0:0:0:0:1 - - [02/Jun/2019:13:31:20 +0200] "GET /albums/1/songs HTTP/1.1" 200 2611
0:0:0:0:0:0:0:1 - - [02/Jun/2019:13:31:20 +0200] "GET /favicon.ico HTTP/1.1" 200 104943
0:0:0:0:0:0:0:1 - - [02/Jun/2019:13:31:22 +0200] "GET /albums/1/songs/5/update HTTP/1.1" 200 1801
0:0:0:0:0:0:0:1 - - [02/Jun/2019:13:31:29 +0200] "GET /albums/1/songs/5/delete HTTP/1.1" 200 1801
0:0:0:0:0:0:0:1 - - [02/Jun/2019:13:32:47 +0200] "GET /albums/1/songs/5/delete HTTP/1.1" 200 1802
0:0:0:0:0:0:0:1 - - [02/Jun/2019:13:32:47 +0200] "GET /favicon.ico HTTP/1.1" 200 104943
0:0:0:0:0:0:0:1 - - [02/Jun/2019:13:32:51 +0200] "GET /albums HTTP/1.1" 200 1429
0:0:0:0:0:0:0:1 - - [02/Jun/2019:13:32:53 +0200] "GET /albums/1/songs HTTP/1.1" 200 2611
0:0:0:0:0:0:0:1 - - [02/Jun/2019:13:32:55 +0200] "GET /albums/1/songs/8/delete HTTP/1.1" 200 1801
0:0:0:0:0:0:0:1 - - [02/Jun/2019:13:33:59 +0200] "GET /albums/1/songs/8/delete HTTP/1.1" 500 6888
0:0:0:0:0:0:0:1 - - [02/Jun/2019:13:33:59 +0200] "GET /favicon.ico HTTP/1.1" 200 104943
0:0:0:0:0:0:0:1 - - [02/Jun/2019:13:34:03 +0200] "GET /albums/7/songs HTTP/1.1" 500 6884
0:0:0:0:0:0:0:1 - - [02/Jun/2019:13:35:04 +0200] "GET /albums/7/songs HTTP/1.1" 500 6884
0:0:0:0:0:0:0:1 - - [02/Jun/2019:13:35:04 +0200] "GET /favicon.ico HTTP/1.1" 200 104943
0:0:0:0:0:0:0:1 - - [02/Jun/2019:13:37:09 +0200] "GET /albums/7/songs HTTP/1.1" 500 6884
0:0:0:0:0:0:0:1 - - [02/Jun/2019:13:37:10 +0200] "GET /favicon.ico HTTP/1.1" 200 104943
0:0:0:0:0:0:0:1 - - [02/Jun/2019:13:37:13 +0200] "GET /albums HTTP/1.1" 200 1429
0:0:0:0:0:0:0:1 - - [02/Jun/2019:13:37:13 +0200] "GET /favicon.ico HTTP/1.1" 200 104943
0:0:0:0:0:0:0:1 - - [02/Jun/2019:13:37:14 +0200] "GET /albums/9/songs HTTP/1.1" 200 1733
0:0:0:0:0:0:0:1 - - [02/Jun/2019:13:37:18 +0200] "GET /albums/6/songs HTTP/1.1" 200 1733
0:0:0:0:0:0:0:1 - - [02/Jun/2019:13:37:21 +0200] "GET /albums/6/songs/4/update HTTP/1.1" 200 1802
0:0:0:0:0:0:0:1 - - [02/Jun/2019:13:37:26 +0200] "GET /albums/1/songs HTTP/1.1" 200 2713
0:0:0:0:0:0:0:1 - - [02/Jun/2019:13:37:37 +0200] "GET /albums/1/songs/2/update HTTP/1.1" 200 1801
0:0:0:0:0:0:0:1 - - [02/Jun/2019:13:37:42 +0200] "POST /albums/1/songs/2/update HTTP/1.1" 500 6100
0:0:0:0:0:0:0:1 - - [02/Jun/2019:13:41:12 +0200] "GET /albums HTTP/1.1" 200 1429
0:0:0:0:0:0:0:1 - - [02/Jun/2019:13:41:14 +0200] "GET /albums/9/songs HTTP/1.1" 200 1733
0:0:0:0:0:0:0:1 - - [02/Jun/2019:13:41:16 +0200] "GET /albums/9/songs/new? HTTP/1.1" 200 1782
0:0:0:0:0:0:0:1 - - [02/Jun/2019:13:41:21 +0200] "POST /albums/9/songs/new? HTTP/1.1" 302 -
0:0:0:0:0:0:0:1 - - [02/Jun/2019:13:41:21 +0200] "GET /albums/9/songs HTTP/1.1" 200 2215
0:0:0:0:0:0:0:1 - - [02/Jun/2019:13:41:23 +0200] "GET /albums/9/songs/21/update HTTP/1.1" 200 1793
0:0:0:0:0:0:0:1 - - [02/Jun/2019:13:41:26 +0200] "POST /albums/9/songs/21/update HTTP/1.1" 500 6100
0:0:0:0:0:0:0:1 - - [02/Jun/2019:13:41:35 +0200] "GET /albums/9/songs HTTP/1.1" 200 2215
0:0:0:0:0:0:0:1 - - [02/Jun/2019:13:41:35 +0200] "GET /favicon.ico HTTP/1.1" 200 104943
0:0:0:0:0:0:0:1 - - [02/Jun/2019:13:41:38 +0200] "GET /albums/9/songs/21/update HTTP/1.1" 200 1793
0:0:0:0:0:0:0:1 - - [02/Jun/2019:13:41:42 +0200] "POST /albums/9/songs/21/update HTTP/1.1" 500 6100
0:0:0:0:0:0:0:1 - - [02/Jun/2019:13:49:19 +0200] "GET /albums/ HTTP/1.1" 200 1429
0:0:0:0:0:0:0:1 - - [02/Jun/2019:13:49:22 +0200] "GET /albums/1/songs HTTP/1.1" 200 2611
0:0:0:0:0:0:0:1 - - [02/Jun/2019:13:49:24 +0200] "GET /albums/1/songs/5/delete HTTP/1.1" 200 1824
0:0:0:0:0:0:0:1 - - [02/Jun/2019:13:49:29 +0200] "GET /albums/1/songs/5/delete?id=5 HTTP/1.1" 200 1824
0:0:0:0:0:0:0:1 - - [02/Jun/2019:13:49:33 +0200] "GET /albums/1/songs/5/delete?id=5 HTTP/1.1" 200 1824
0:0:0:0:0:0:0:1 - - [02/Jun/2019:13:49:35 +0200] "GET /albums HTTP/1.1" 200 1429
0:0:0:0:0:0:0:1 - - [02/Jun/2019:13:49:37 +0200] "GET /albums/9/songs HTTP/1.1" 200 1699
0:0:0:0:0:0:0:1 - - [02/Jun/2019:13:49:53 +0200] "GET /albums/4/songs HTTP/1.1" 200 1699
0:0:0:0:0:0:0:1 - - [02/Jun/2019:13:49:56 +0200] "GET /albums/1/songs HTTP/1.1" 200 2611
0:0:0:0:0:0:0:1 - - [02/Jun/2019:13:54:25 +0200] "GET /albums/1/songs HTTP/1.1" 200 2611
0:0:0:0:0:0:0:1 - - [02/Jun/2019:13:54:25 +0200] "GET /favicon.ico HTTP/1.1" 200 104943
0:0:0:0:0:0:0:1 - - [02/Jun/2019:13:54:28 +0200] "GET /albums/1/songs/5/remove HTTP/1.1" 405 5354
0:0:0:0:0:0:0:1 - - [02/Jun/2019:13:56:24 +0200] "GET /albums/1/songs HTTP/1.1" 200 2611
0:0:0:0:0:0:0:1 - - [02/Jun/2019:13:56:24 +0200] "GET /favicon.ico HTTP/1.1" 200 104943
0:0:0:0:0:0:0:1 - - [02/Jun/2019:13:56:26 +0200] "GET /albums/1/songs/7/update HTTP/1.1" 200 1802
0:0:0:0:0:0:0:1 - - [02/Jun/2019:13:56:30 +0200] "GET /albums/1/songs/7/remove HTTP/1.1" 200 1823
0:0:0:0:0:0:0:1 - - [02/Jun/2019:13:56:33 +0200] "POST /albums/1/songs/7/remove HTTP/1.1" 500 6215
0:0:0:0:0:0:0:1 - - [02/Jun/2019:13:58:35 +0200] "POST /albums/1/songs/7/remove HTTP/1.1" 500 6215
0:0:0:0:0:0:0:1 - - [02/Jun/2019:13:59:43 +0200] "GET /albums/1/songs HTTP/1.1" 200 2611
0:0:0:0:0:0:0:1 - - [02/Jun/2019:13:59:43 +0200] "GET /favicon.ico HTTP/1.1" 200 104943
0:0:0:0:0:0:0:1 - - [02/Jun/2019:13:59:44 +0200] "GET /albums/1/songs/5/update HTTP/1.1" 200 1802
0:0:0:0:0:0:0:1 - - [02/Jun/2019:13:59:47 +0200] "GET /albums/1/songs/5/remove HTTP/1.1" 200 1823
0:0:0:0:0:0:0:1 - - [02/Jun/2019:13:59:48 +0200] "POST /albums/1/songs/5/remove HTTP/1.1" 302 -
0:0:0:0:0:0:0:1 - - [02/Jun/2019:13:59:48 +0200] "GET /albums/1/songs HTTP/1.1" 200 2155
0:0:0:0:0:0:0:1 - - [02/Jun/2019:13:59:54 +0200] "GET /albums/1/songs/5/remove HTTP/1.1" 200 1823
0:0:0:0:0:0:0:1 - - [02/Jun/2019:13:59:56 +0200] "GET /albums HTTP/1.1" 200 1429
0:0:0:0:0:0:0:1 - - [02/Jun/2019:13:59:57 +0200] "GET /albums/7/songs HTTP/1.1" 200 1699
0:0:0:0:0:0:0:1 - - [02/Jun/2019:14:05:10 +0200] "GET /albums/7/songs HTTP/1.1" 500 6884
0:0:0:0:0:0:0:1 - - [02/Jun/2019:14:05:10 +0200] "GET /favicon.ico HTTP/1.1" 200 104943
0:0:0:0:0:0:0:1 - - [02/Jun/2019:14:05:17 +0200] "GET /albums HTTP/1.1" 200 1429
0:0:0:0:0:0:0:1 - - [02/Jun/2019:14:05:17 +0200] "GET /favicon.ico HTTP/1.1" 200 104943
0:0:0:0:0:0:0:1 - - [02/Jun/2019:14:05:19 +0200] "GET /albums/1/songs HTTP/1.1" 200 2826
0:0:0:0:0:0:0:1 - - [02/Jun/2019:14:05:57 +0200] "GET /albums/1/songs/5/update HTTP/1.1" 200 2068
0:0:0:0:0:0:0:1 - - [02/Jun/2019:14:06:25 +0200] "GET /albums/1/songs/2/update HTTP/1.1" 200 2069
0:0:0:0:0:0:0:1 - - [02/Jun/2019:14:07:52 +0200] "GET /albums/1/songs HTTP/1.1" 200 2742
0:0:0:0:0:0:0:1 - - [02/Jun/2019:14:07:52 +0200] "GET /favicon.ico HTTP/1.1" 200 104943
0:0:0:0:0:0:0:1 - - [02/Jun/2019:14:07:56 +0200] "GET /albums/1/songs/5/update HTTP/1.1" 200 2045
0:0:0:0:0:0:0:1 - - [02/Jun/2019:14:08:03 +0200] "POST /albums/1/songs/5/update HTTP/1.1" 500 6100
0:0:0:0:0:0:0:1 - - [02/Jun/2019:14:15:24 +0200] "GET /albums/1/songs/5/update HTTP/1.1" 200 2046
0:0:0:0:0:0:0:1 - - [02/Jun/2019:14:15:24 +0200] "GET /favicon.ico HTTP/1.1" 200 104943
0:0:0:0:0:0:0:1 - - [02/Jun/2019:14:15:29 +0200] "POST /albums/1/songs/5/update HTTP/1.1" 500 6100
0:0:0:0:0:0:0:1 - - [02/Jun/2019:14:15:33 +0200] "GET /albums/1/songs/2/update HTTP/1.1" 200 2046
0:0:0:0:0:0:0:1 - - [02/Jun/2019:14:15:35 +0200] "POST /albums/1/songs/2/update HTTP/1.1" 500 6100
0:0:0:0:0:0:0:1 - - [02/Jun/2019:14:15:45 +0200] "POST /albums/1/songs/2/update HTTP/1.1" 500 6100
0:0:0:0:0:0:0:1 - - [02/Jun/2019:14:16:46 +0200] "GET /albums HTTP/1.1" 200 1429
0:0:0:0:0:0:0:1 - - [02/Jun/2019:14:16:48 +0200] "GET /albums/4/songs HTTP/1.1" 200 1764
0:0:0:0:0:0:0:1 - - [02/Jun/2019:14:16:50 +0200] "GET /albums/7/songs HTTP/1.1" 200 1764
0:0:0:0:0:0:0:1 - - [02/Jun/2019:14:16:54 +0200] "GET /albums/1/songs HTTP/1.1" 200 2742
0:0:0:0:0:0:0:1 - - [02/Jun/2019:14:16:55 +0200] "GET /albums/1/songs/8/update HTTP/1.1" 200 2045
0:0:0:0:0:0:0:1 - - [02/Jun/2019:14:16:57 +0200] "POST /albums/1/songs/8/update HTTP/1.1" 500 6100
0:0:0:0:0:0:0:1 - - [02/Jun/2019:14:19:50 +0200] "GET /albums/1/songs/2/update HTTP/1.1" 200 2043
0:0:0:0:0:0:0:1 - - [02/Jun/2019:14:19:51 +0200] "POST /albums/1/songs/2/update HTTP/1.1" 500 6100
0:0:0:0:0:0:0:1 - - [02/Jun/2019:14:26:17 +0200] "GET /albums HTTP/1.1" 200 1429
0:0:0:0:0:0:0:1 - - [02/Jun/2019:14:26:20 +0200] "GET /albums/1/songs HTTP/1.1" 200 3069
0:0:0:0:0:0:0:1 - - [02/Jun/2019:14:26:22 +0200] "GET /albums/1/songs/5/update HTTP/1.1" 200 2042
0:0:0:0:0:0:0:1 - - [02/Jun/2019:14:26:23 +0200] "POST /albums/1/songs/5/update HTTP/1.1" 500 6100
0:0:0:0:0:0:0:1 - - [02/Jun/2019:14:27:45 +0200] "GET /albums HTTP/1.1" 200 1429
0:0:0:0:0:0:0:1 - - [02/Jun/2019:14:27:47 +0200] "GET /albums/1/songs HTTP/1.1" 200 2826
0:0:0:0:0:0:0:1 - - [02/Jun/2019:14:27:49 +0200] "GET /albums/1/songs/2/update HTTP/1.1" 200 2042
0:0:0:0:0:0:0:1 - - [02/Jun/2019:14:27:51 +0200] "POST /albums/1/songs/2/update HTTP/1.1" 500 6100
0:0:0:0:0:0:0:1 - - [02/Jun/2019:14:27:55 +0200] "POST /albums/1/songs/2/update HTTP/1.1" 500 6100
0:0:0:0:0:0:0:1 - - [02/Jun/2019:14:31:44 +0200] "POST /albums/1/songs/2/update HTTP/1.1" 500 6100
127.0.0.1 - - [02/Jun/2019:14:32:48 +0200] "GET /albums/1/songs HTTP/1.1" 200 2826
127.0.0.1 - - [02/Jun/2019:14:32:48 +0200] "GET /favicon.ico HTTP/1.1" 200 104943
127.0.0.1 - - [02/Jun/2019:14:32:50 +0200] "GET /albums/1/songs/4/update HTTP/1.1" 200 2066
127.0.0.1 - - [02/Jun/2019:14:32:52 +0200] "POST /albums/1/songs/4/update HTTP/1.1" 500 6100
127.0.0.1 - - [02/Jun/2019:14:32:56 +0200] "GET /albums/1/songs/4/remove HTTP/1.1" 200 2074
127.0.0.1 - - [02/Jun/2019:14:32:58 +0200] "POST /albums/1/songs/4/remove HTTP/1.1" 302 -
127.0.0.1 - - [02/Jun/2019:14:32:58 +0200] "GET /albums/1/songs HTTP/1.1" 200 2309
127.0.0.1 - - [02/Jun/2019:14:33:03 +0200] "GET /albums/1/songs/2/remove HTTP/1.1" 200 2073
0:0:0:0:0:0:0:1 - - [02/Jun/2019:14:39:05 +0200] "GET /albums/1/songs HTTP/1.1" 200 2826
0:0:0:0:0:0:0:1 - - [02/Jun/2019:14:39:05 +0200] "GET /favicon.ico HTTP/1.1" 200 104943
0:0:0:0:0:0:0:1 - - [02/Jun/2019:14:39:08 +0200] "GET /albums/1/songs/7/update HTTP/1.1" 200 2066
0:0:0:0:0:0:0:1 - - [02/Jun/2019:14:39:10 +0200] "POST /albums/1/songs/7/update HTTP/1.1" 500 6215
0:0:0:0:0:0:0:1 - - [02/Jun/2019:14:44:16 +0200] "GET /albums/1/songs/4/remove HTTP/1.1" 500 6888
0:0:0:0:0:0:0:1 - - [02/Jun/2019:14:44:19 +0200] "GET /albums/1/songs HTTP/1.1" 200 2826
0:0:0:0:0:0:0:1 - - [02/Jun/2019:14:44:19 +0200] "GET /favicon.ico HTTP/1.1" 200 104943
0:0:0:0:0:0:0:1 - - [02/Jun/2019:14:44:21 +0200] "GET /albums/1/songs/8/update HTTP/1.1" 200 2065
0:0:0:0:0:0:0:1 - - [02/Jun/2019:14:44:23 +0200] "POST /albums/1/songs/8/update HTTP/1.1" 200 2594
0:0:0:0:0:0:0:1 - - [02/Jun/2019:14:44:38 +0200] "POST /albums/1/songs/8/update HTTP/1.1" 200 2841
0:0:0:0:0:0:0:1 - - [02/Jun/2019:14:47:12 +0200] "GET /albums/1/songs/8/update HTTP/1.1" 200 2065
0:0:0:0:0:0:0:1 - - [02/Jun/2019:14:47:13 +0200] "POST /albums/1/songs/8/update HTTP/1.1" 200 2594
0:0:0:0:0:0:0:1 - - [02/Jun/2019:14:47:17 +0200] "POST /albums/1/songs/8/update HTTP/1.1" 500 16879
0:0:0:0:0:0:0:1 - - [02/Jun/2019:14:47:20 +0200] "GET /albums/1/songs/8/update HTTP/1.1" 200 2065
0:0:0:0:0:0:0:1 - - [02/Jun/2019:14:47:23 +0200] "GET /albums/1/songs/8/remove HTTP/1.1" 200 2073
0:0:0:0:0:0:0:1 - - [02/Jun/2019:14:47:24 +0200] "POST /albums/1/songs/8/remove HTTP/1.1" 302 -
0:0:0:0:0:0:0:1 - - [02/Jun/2019:14:47:24 +0200] "GET /albums/1/songs HTTP/1.1" 500 6130
0:0:0:0:0:0:0:1 - - [02/Jun/2019:14:47:43 +0200] "GET /albums/1/songs/8/remove HTTP/1.1" 200 2050
0:0:0:0:0:0:0:1 - - [02/Jun/2019:14:47:51 +0200] "GET /albums HTTP/1.1" 200 1429
0:0:0:0:0:0:0:1 - - [02/Jun/2019:14:47:52 +0200] "GET /albums/1/songs HTTP/1.1" 500 6130
0:0:0:0:0:0:0:1 - - [02/Jun/2019:14:47:57 +0200] "GET /albums HTTP/1.1" 200 1429
0:0:0:0:0:0:0:1 - - [02/Jun/2019:14:47:57 +0200] "GET /favicon.ico HTTP/1.1" 200 104943
0:0:0:0:0:0:0:1 - - [02/Jun/2019:14:47:58 +0200] "GET /albums/4/songs HTTP/1.1" 200 1792
0:0:0:0:0:0:0:1 - - [02/Jun/2019:14:48:03 +0200] "GET /albums/4/songs/2/remove HTTP/1.1" 200 2074
0:0:0:0:0:0:0:1 - - [02/Jun/2019:14:48:06 +0200] "POST /albums/4/songs/2/remove HTTP/1.1" 302 -
0:0:0:0:0:0:0:1 - - [02/Jun/2019:14:48:06 +0200] "GET /albums/4/songs HTTP/1.1" 500 9669
0:0:0:0:0:0:0:1 - - [02/Jun/2019:14:48:08 +0200] "GET /albums/4/songs/2/remove HTTP/1.1" 200 2050
0:0:0:0:0:0:0:1 - - [02/Jun/2019:14:48:09 +0200] "GET /albums/4/songs/2/remove HTTP/1.1" 200 2050
0:0:0:0:0:0:0:1 - - [02/Jun/2019:14:48:09 +0200] "GET /favicon.ico HTTP/1.1" 200 104943
0:0:0:0:0:0:0:1 - - [02/Jun/2019:14:48:11 +0200] "GET /albums/4/songs HTTP/1.1" 500 9669
0:0:0:0:0:0:0:1 - - [02/Jun/2019:14:48:11 +0200] "GET /favicon.ico HTTP/1.1" 200 104943
0:0:0:0:0:0:0:1 - - [02/Jun/2019:14:48:15 +0200] "GET /albums/1/songs HTTP/1.1" 500 6130
0:0:0:0:0:0:0:1 - - [02/Jun/2019:14:48:17 +0200] "GET /albums HTTP/1.1" 200 1429
0:0:0:0:0:0:0:1 - - [02/Jun/2019:14:48:17 +0200] "GET /favicon.ico HTTP/1.1" 200 104943
0:0:0:0:0:0:0:1 - - [02/Jun/2019:14:48:19 +0200] "GET /albums/1/songs HTTP/1.1" 500 6130
0:0:0:0:0:0:0:1 - - [02/Jun/2019:14:48:22 +0200] "GET /albums/4/songs HTTP/1.1" 500 9669
0:0:0:0:0:0:0:1 - - [02/Jun/2019:14:48:24 +0200] "GET /albums/4/songs HTTP/1.1" 500 9669
0:0:0:0:0:0:0:1 - - [02/Jun/2019:14:48:24 +0200] "GET /favicon.ico HTTP/1.1" 200 104943
0:0:0:0:0:0:0:1 - - [02/Jun/2019:14:48:25 +0200] "GET /albums/4/songs HTTP/1.1" 500 9669
0:0:0:0:0:0:0:1 - - [02/Jun/2019:14:48:25 +0200] "GET /favicon.ico HTTP/1.1" 200 104943
0:0:0:0:0:0:0:1 - - [02/Jun/2019:14:48:25 +0200] "GET /albums/4/songs HTTP/1.1" 500 9669
0:0:0:0:0:0:0:1 - - [02/Jun/2019:14:48:26 +0200] "GET /favicon.ico HTTP/1.1" 200 104943
0:0:0:0:0:0:0:1 - - [02/Jun/2019:14:48:26 +0200] "GET /albums/4/songs HTTP/1.1" 500 9669
0:0:0:0:0:0:0:1 - - [02/Jun/2019:14:48:26 +0200] "GET /favicon.ico HTTP/1.1" 200 104943
0:0:0:0:0:0:0:1 - - [02/Jun/2019:14:48:28 +0200] "GET /employees HTTP/1.1" 200 1564
0:0:0:0:0:0:0:1 - - [02/Jun/2019:14:48:30 +0200] "GET /albums HTTP/1.1" 200 1429
0:0:0:0:0:0:0:1 - - [02/Jun/2019:14:48:31 +0200] "GET /albums/1/songs HTTP/1.1" 500 6249
0:0:0:0:0:0:0:1 - - [02/Jun/2019:14:48:41 +0200] "GET /albums/7/songs HTTP/1.1" 200 1792
0:0:0:0:0:0:0:1 - - [02/Jun/2019:14:48:43 +0200] "GET /albums/7/songs HTTP/1.1" 200 1792
0:0:0:0:0:0:0:1 - - [02/Jun/2019:14:48:44 +0200] "GET /favicon.ico HTTP/1.1" 200 104943
0:0:0:0:0:0:0:1 - - [02/Jun/2019:14:48:52 +0200] "GET /albums/4/songs HTTP/1.1" 500 9669
0:0:0:0:0:0:0:1 - - [02/Jun/2019:15:05:36 +0200] "GET /albums HTTP/1.1" 200 1665
0:0:0:0:0:0:0:1 - - [02/Jun/2019:15:05:36 +0200] "GET /favicon.ico HTTP/1.1" 200 104943
0:0:0:0:0:0:0:1 - - [02/Jun/2019:15:05:39 +0200] "GET /albums/new? HTTP/1.1" 500 11633
0:0:0:0:0:0:0:1 - - [02/Jun/2019:15:11:31 +0200] "GET /albums/ HTTP/1.1" 200 1665
0:0:0:0:0:0:0:1 - - [02/Jun/2019:15:11:33 +0200] "GET /albums/new? HTTP/1.1" 200 1773
0:0:0:0:0:0:0:1 - - [02/Jun/2019:15:12:00 +0200] "POST /albums/new? HTTP/1.1" 302 -
0:0:0:0:0:0:0:1 - - [02/Jun/2019:15:12:00 +0200] "GET /albums HTTP/1.1" 200 1828
0:0:0:0:0:0:0:1 - - [02/Jun/2019:15:12:07 +0200] "GET /albums/21/songs HTTP/1.1" 200 1290
0:0:0:0:0:0:0:1 - - [02/Jun/2019:15:12:10 +0200] "GET /albums/21/songs/new? HTTP/1.1" 200 2012
0:0:0:0:0:0:0:1 - - [02/Jun/2019:15:12:15 +0200] "POST /albums/21/songs/new? HTTP/1.1" 302 -
0:0:0:0:0:0:0:1 - - [02/Jun/2019:15:12:15 +0200] "GET /albums/21/songs HTTP/1.1" 500 10012
0:0:0:0:0:0:0:1 - - [02/Jun/2019:15:12:17 +0200] "GET /albums/21/songs/new? HTTP/1.1" 200 2012
0:0:0:0:0:0:0:1 - - [02/Jun/2019:15:13:17 +0200] "GET /albums/21/songs HTTP/1.1" 500 10012
0:0:0:0:0:0:0:1 - - [02/Jun/2019:15:13:21 +0200] "GET /albums HTTP/1.1" 200 1828
0:0:0:0:0:0:0:1 - - [02/Jun/2019:15:13:21 +0200] "GET /favicon.ico HTTP/1.1" 200 104943
0:0:0:0:0:0:0:1 - - [02/Jun/2019:15:13:22 +0200] "GET /albums/21/songs HTTP/1.1" 500 10012
0:0:0:0:0:0:0:1 - - [02/Jun/2019:15:13:25 +0200] "GET /albums/4/songs HTTP/1.1" 200 1764
0:0:0:0:0:0:0:1 - - [02/Jun/2019:15:13:30 +0200] "GET /albums/4/songs/2/remove HTTP/1.1" 200 2074
0:0:0:0:0:0:0:1 - - [02/Jun/2019:15:22:22 +0200] "GET /albums/4/songs/2/update HTTP/1.1" 200 2066
0:0:0:0:0:0:0:1 - - [02/Jun/2019:15:24:12 +0200] "GET /albums HTTP/1.1" 200 1828
0:0:0:0:0:0:0:1 - - [02/Jun/2019:15:24:14 +0200] "GET /albums/1/songs HTTP/1.1" 200 2742
0:0:0:0:0:0:0:1 - - [02/Jun/2019:15:24:17 +0200] "GET /albums/1/songs/8/update HTTP/1.1" 200 2065
0:0:0:0:0:0:0:1 - - [02/Jun/2019:16:01:57 +0200] "GET /albums HTTP/1.1" 200 1665
0:0:0:0:0:0:0:1 - - [02/Jun/2019:16:01:58 +0200] "GET /favicon.ico HTTP/1.1" 304 -
0:0:0:0:0:0:0:1 - - [02/Jun/2019:16:01:59 +0200] "GET /albums/1/songs HTTP/1.1" 200 2742
0:0:0:0:0:0:0:1 - - [02/Jun/2019:16:02:02 +0200] "GET /albums/1/songs/new? HTTP/1.1" 500 9432
0:0:0:0:0:0:0:1 - - [02/Jun/2019:16:02:34 +0200] "GET /albums/1/songs/new? HTTP/1.1" 500 9432
0:0:0:0:0:0:0:1 - - [02/Jun/2019:16:02:34 +0200] "GET /favicon.ico HTTP/1.1" 200 104943
0:0:0:0:0:0:0:1 - - [02/Jun/2019:16:02:37 +0200] "GET /albums/1/songs/new? HTTP/1.1" 500 9432
0:0:0:0:0:0:0:1 - - [02/Jun/2019:16:02:37 +0200] "GET /favicon.ico HTTP/1.1" 200 104943
0:0:0:0:0:0:0:1 - - [02/Jun/2019:16:02:38 +0200] "GET /albums/1/songs/new? HTTP/1.1" 500 9432
0:0:0:0:0:0:0:1 - - [02/Jun/2019:16:02:39 +0200] "GET /favicon.ico HTTP/1.1" 200 104943
0:0:0:0:0:0:0:1 - - [02/Jun/2019:16:02:42 +0200] "GET /albums/1/songs HTTP/1.1" 200 2742
0:0:0:0:0:0:0:1 - - [02/Jun/2019:16:02:42 +0200] "GET /favicon.ico HTTP/1.1" 200 104943
0:0:0:0:0:0:0:1 - - [02/Jun/2019:16:02:44 +0200] "GET /albums/1/songs/5/update HTTP/1.1" 500 9432
0:0:0:0:0:0:0:1 - - [02/Jun/2019:16:04:14 +0200] "GET /albums/1/songs/5/update HTTP/1.1" 200 2104
0:0:0:0:0:0:0:1 - - [02/Jun/2019:16:04:14 +0200] "GET /favicon.ico HTTP/1.1" 200 104943
0:0:0:0:0:0:0:1 - - [02/Jun/2019:16:04:30 +0200] "GET /albums/1/songs/new? HTTP/1.1" 200 2085
0:0:0:0:0:0:0:1 - - [02/Jun/2019:16:04:34 +0200] "GET /albums/1/songs/8/update HTTP/1.1" 500 6888
0:0:0:0:0:0:0:1 - - [02/Jun/2019:16:04:36 +0200] "GET /albums/1/songs/5/update HTTP/1.1" 200 2104
0:0:0:0:0:0:0:1 - - [02/Jun/2019:16:04:39 +0200] "GET /albums/1/songs/2/update HTTP/1.1" 200 2105
0:0:0:0:0:0:0:1 - - [02/Jun/2019:16:04:41 +0200] "GET /albums/1/songs/2/remove HTTP/1.1" 200 2074
0:0:0:0:0:0:0:1 - - [02/Jun/2019:16:04:47 +0200] "GET /albums/1/songs/2/update HTTP/1.1" 200 2105
0:0:0:0:0:0:0:1 - - [02/Jun/2019:16:04:50 +0200] "POST /albums/1/songs/2/update HTTP/1.1" 500 16431
0:0:0:0:0:0:0:1 - - [02/Jun/2019:16:06:16 +0200] "GET /albums/ HTTP/1.1" 200 1665
0:0:0:0:0:0:0:1 - - [02/Jun/2019:16:06:18 +0200] "GET /albums/1/songs HTTP/1.1" 200 2742
0:0:0:0:0:0:0:1 - - [02/Jun/2019:16:06:19 +0200] "GET /albums/1/songs/5/update HTTP/1.1" 200 2104
0:0:0:0:0:0:0:1 - - [02/Jun/2019:16:06:27 +0200] "GET /albums/1/songs/5/remove HTTP/1.1" 200 2073
0:0:0:0:0:0:0:1 - - [02/Jun/2019:16:06:30 +0200] "GET /albums/1/songs/5/update HTTP/1.1" 200 2104
0:0:0:0:0:0:0:1 - - [02/Jun/2019:16:08:25 +0200] "GET /albums/ HTTP/1.1" 200 1665
0:0:0:0:0:0:0:1 - - [02/Jun/2019:16:08:27 +0200] "GET /albums/9/songs HTTP/1.1" 200 1764
0:0:0:0:0:0:0:1 - - [02/Jun/2019:16:08:28 +0200] "GET /albums/9/songs/new? HTTP/1.1" 200 2082
0:0:0:0:0:0:0:1 - - [02/Jun/2019:16:08:33 +0200] "GET /albums/9/songs/new? HTTP/1.1" 200 2082
0:0:0:0:0:0:0:1 - - [02/Jun/2019:16:08:33 +0200] "GET /favicon.ico HTTP/1.1" 200 104943
0:0:0:0:0:0:0:1 - - [02/Jun/2019:16:08:34 +0200] "GET /albums/9/songs/new? HTTP/1.1" 200 2082
0:0:0:0:0:0:0:1 - - [02/Jun/2019:16:08:34 +0200] "GET /favicon.ico HTTP/1.1" 200 104943
0:0:0:0:0:0:0:1 - - [02/Jun/2019:16:09:57 +0200] "GET /albums/9/songs/new? HTTP/1.1" 500 9520
0:0:0:0:0:0:0:1 - - [02/Jun/2019:16:09:58 +0200] "GET /favicon.ico HTTP/1.1" 200 104943
0:0:0:0:0:0:0:1 - - [02/Jun/2019:16:10:04 +0200] "GET /albums/ HTTP/1.1" 200 1665
0:0:0:0:0:0:0:1 - - [02/Jun/2019:16:10:04 +0200] "GET /favicon.ico HTTP/1.1" 200 104943
0:0:0:0:0:0:0:1 - - [02/Jun/2019:16:10:05 +0200] "GET /albums/9/songs HTTP/1.1" 200 1764
0:0:0:0:0:0:0:1 - - [02/Jun/2019:16:10:06 +0200] "GET /albums/9/songs/7/update HTTP/1.1" 500 9520
0:0:0:0:0:0:0:1 - - [02/Jun/2019:16:10:10 +0200] "GET /albums/9/songs/new? HTTP/1.1" 500 9520
0:0:0:0:0:0:0:1 - - [02/Jun/2019:16:11:01 +0200] "GET /albums/ HTTP/1.1" 200 1665
0:0:0:0:0:0:0:1 - - [02/Jun/2019:16:11:02 +0200] "GET /albums/9/songs HTTP/1.1" 200 1764
0:0:0:0:0:0:0:1 - - [02/Jun/2019:16:11:04 +0200] "GET /albums/9/songs/new? HTTP/1.1" 500 8348
0:0:0:0:0:0:0:1 - - [02/Jun/2019:16:12:30 +0200] "GET /albums/9/songs HTTP/1.1" 500 6884
0:0:0:0:0:0:0:1 - - [02/Jun/2019:16:12:30 +0200] "GET /favicon.ico HTTP/1.1" 200 104943
0:0:0:0:0:0:0:1 - - [02/Jun/2019:16:12:34 +0200] "GET /albums/ HTTP/1.1" 200 1665
0:0:0:0:0:0:0:1 - - [02/Jun/2019:16:12:34 +0200] "GET /favicon.ico HTTP/1.1" 200 104943
0:0:0:0:0:0:0:1 - - [02/Jun/2019:16:12:36 +0200] "GET /albums/4/songs HTTP/1.1" 200 1764
0:0:0:0:0:0:0:1 - - [02/Jun/2019:16:12:37 +0200] "GET /albums/4/songs/new? HTTP/1.1" 200 2069
0:0:0:0:0:0:0:1 - - [02/Jun/2019:16:13:09 +0200] "POST /albums/4/songs/new? HTTP/1.1" 302 -
0:0:0:0:0:0:0:1 - - [02/Jun/2019:16:13:09 +0200] "GET /albums/4/songs HTTP/1.1" 200 2233
0:0:0:0:0:0:0:1 - - [02/Jun/2019:16:13:11 +0200] "GET /albums/4/songs/21/remove HTTP/1.1" 200 2052
0:0:0:0:0:0:0:1 - - [02/Jun/2019:16:13:13 +0200] "POST /albums/4/songs/21/remove HTTP/1.1" 302 -
0:0:0:0:0:0:0:1 - - [02/Jun/2019:16:13:13 +0200] "GET /albums/4/songs HTTP/1.1" 500 6130
0:0:0:0:0:0:0:1 - - [02/Jun/2019:16:13:15 +0200] "GET /albums/4/songs/21/remove HTTP/1.1" 200 2051
0:0:0:0:0:0:0:1 - - [02/Jun/2019:16:24:41 +0200] "GET /albums/4/songs/21/remove HTTP/1.1" 500 6889
0:0:0:0:0:0:0:1 - - [02/Jun/2019:16:24:41 +0200] "GET /favicon.ico HTTP/1.1" 200 104943
0:0:0:0:0:0:0:1 - - [02/Jun/2019:16:24:45 +0200] "GET /employees HTTP/1.1" 200 1607
0:0:0:0:0:0:0:1 - - [02/Jun/2019:16:24:47 +0200] "GET /genres HTTP/1.1" 200 1492
0:0:0:0:0:0:0:1 - - [02/Jun/2019:16:24:51 +0200] "GET /albums HTTP/1.1" 200 1708
0:0:0:0:0:0:0:1 - - [02/Jun/2019:16:24:52 +0200] "GET /genres HTTP/1.1" 200 1492
0:0:0:0:0:0:0:1 - - [02/Jun/2019:16:24:57 +0200] "GET /albums HTTP/1.1" 200 1708
0:0:0:0:0:0:0:1 - - [02/Jun/2019:16:25:00 +0200] "GET /genres HTTP/1.1" 200 1492
0:0:0:0:0:0:0:1 - - [02/Jun/2019:16:25:02 +0200] "GET /albums HTTP/1.1" 200 1708
0:0:0:0:0:0:0:1 - - [02/Jun/2019:16:25:03 +0200] "GET /genres HTTP/1.1" 200 1492
0:0:0:0:0:0:0:1 - - [02/Jun/2019:16:25:12 +0200] "GET /employees HTTP/1.1" 200 1607
0:0:0:0:0:0:0:1 - - [02/Jun/2019:16:26:42 +0200] "GET /employees HTTP/1.1" 200 1607
0:0:0:0:0:0:0:1 - - [02/Jun/2019:16:28:13 +0200] "GET /genres HTTP/1.1" 200 1492
0:0:0:0:0:0:0:1 - - [02/Jun/2019:16:28:17 +0200] "GET /albums HTTP/1.1" 200 1708
0:0:0:0:0:0:0:1 - - [02/Jun/2019:16:28:19 +0200] "GET /albums/1/songs HTTP/1.1" 200 2785
0:0:0:0:0:0:0:1 - - [02/Jun/2019:16:28:21 +0200] "GET /albums/1/songs/5/update HTTP/1.1" 200 2148
0:0:0:0:0:0:0:1 - - [02/Jun/2019:16:28:36 +0200] "POST /albums/1/songs/5/update HTTP/1.1" 500 16431
0:0:0:0:0:0:0:1 - - [02/Jun/2019:16:34:50 +0200] "GET /employees HTTP/1.1" 200 1607
0:0:0:0:0:0:0:1 - - [02/Jun/2019:16:38:19 +0200] "GET /employees HTTP/1.1" 200 1607
0:0:0:0:0:0:0:1 - - [02/Jun/2019:16:38:24 +0200] "GET /albums HTTP/1.1" 200 1708
0:0:0:0:0:0:0:1 - - [02/Jun/2019:16:38:28 +0200] "GET /albums/1/songs HTTP/1.1" 200 1332
0:0:0:0:0:0:0:1 - - [02/Jun/2019:16:38:31 +0200] "GET /albums/1/songs/new? HTTP/1.1" 200 2072
0:0:0:0:0:0:0:1 - - [02/Jun/2019:16:38:34 +0200] "GET /albums/4/songs HTTP/1.1" 200 1332
0:0:0:0:0:0:0:1 - - [02/Jun/2019:16:38:36 +0200] "GET /albums/4/songs HTTP/1.1" 200 1332
0:0:0:0:0:0:0:1 - - [02/Jun/2019:16:38:36 +0200] "GET /favicon.ico HTTP/1.1" 200 104943
0:0:0:0:0:0:0:1 - - [02/Jun/2019:16:38:38 +0200] "GET /albums/4/songs HTTP/1.1" 200 1332
0:0:0:0:0:0:0:1 - - [02/Jun/2019:16:38:38 +0200] "GET /favicon.ico HTTP/1.1" 200 104943
0:0:0:0:0:0:0:1 - - [02/Jun/2019:16:38:40 +0200] "GET /albums/7/songs HTTP/1.1" 200 1332
0:0:0:0:0:0:0:1 - - [02/Jun/2019:16:38:42 +0200] "GET /albums/7/songs HTTP/1.1" 200 1332
0:0:0:0:0:0:0:1 - - [02/Jun/2019:16:38:42 +0200] "GET /favicon.ico HTTP/1.1" 200 104943
0:0:0:0:0:0:0:1 - - [02/Jun/2019:16:38:43 +0200] "GET /albums/7/songs HTTP/1.1" 200 1332
0:0:0:0:0:0:0:1 - - [02/Jun/2019:16:38:43 +0200] "GET /favicon.ico HTTP/1.1" 200 104943
0:0:0:0:0:0:0:1 - - [02/Jun/2019:16:38:53 +0200] "GET /albums HTTP/1.1" 200 1708
0:0:0:0:0:0:0:1 - - [02/Jun/2019:16:38:53 +0200] "GET /favicon.ico HTTP/1.1" 200 104943
0:0:0:0:0:0:0:1 - - [02/Jun/2019:16:38:56 +0200] "GET /genres HTTP/1.1" 200 1492
0:0:0:0:0:0:0:1 - - [02/Jun/2019:16:38:57 +0200] "GET /albums HTTP/1.1" 200 1708
0:0:0:0:0:0:0:1 - - [02/Jun/2019:16:38:58 +0200] "GET /albums/1/songs HTTP/1.1" 200 1332
0:0:0:0:0:0:0:1 - - [02/Jun/2019:16:38:59 +0200] "GET /albums/1/songs/new? HTTP/1.1" 200 2072
0:0:0:0:0:0:0:1 - - [02/Jun/2019:16:39:03 +0200] "POST /albums/1/songs/new? HTTP/1.1" 302 -
0:0:0:0:0:0:0:1 - - [02/Jun/2019:16:39:03 +0200] "GET /albums/1/songs HTTP/1.1" 200 1332
0:0:0:0:0:0:0:1 - - [02/Jun/2019:16:39:17 +0200] "GET /genres HTTP/1.1" 200 1492
0:0:0:0:0:0:0:1 - - [02/Jun/2019:16:39:18 +0200] "GET /albums HTTP/1.1" 200 1708
0:0:0:0:0:0:0:1 - - [02/Jun/2019:16:43:50 +0200] "GET /albums HTTP/1.1" 200 1708
0:0:0:0:0:0:0:1 - - [02/Jun/2019:16:43:51 +0200] "GET /favicon.ico HTTP/1.1" 200 104943
0:0:0:0:0:0:0:1 - - [02/Jun/2019:16:43:51 +0200] "GET /albums/1/songs HTTP/1.1" 200 2785
0:0:0:0:0:0:0:1 - - [02/Jun/2019:16:43:53 +0200] "GET /albums/1/songs/5/update HTTP/1.1" 200 2097
0:0:0:0:0:0:0:1 - - [02/Jun/2019:16:43:57 +0200] "POST /albums/1/songs/5/update HTTP/1.1" 500 16885
0:0:0:0:0:0:0:1 - - [02/Jun/2019:16:46:41 +0200] "GET /albums/1/songs/5/remove HTTP/1.1" 200 2116
0:0:0:0:0:0:0:1 - - [02/Jun/2019:16:46:43 +0200] "POST /albums/1/songs/5/remove HTTP/1.1" 302 -
0:0:0:0:0:0:0:1 - - [02/Jun/2019:16:46:43 +0200] "GET /albums/1/songs HTTP/1.1" 500 6249
0:0:0:0:0:0:0:1 - - [02/Jun/2019:16:46:52 +0200] "GET /albums/1/songs HTTP/1.1" 500 6130
0:0:0:0:0:0:0:1 - - [02/Jun/2019:16:46:52 +0200] "GET /favicon.ico HTTP/1.1" 200 104943
0:0:0:0:0:0:0:1 - - [02/Jun/2019:16:46:53 +0200] "GET /albums/1/songs/5/remove HTTP/1.1" 200 2093
0:0:0:0:0:0:0:1 - - [02/Jun/2019:16:46:58 +0200] "GET /genres HTTP/1.1" 200 1492
0:0:0:0:0:0:0:1 - - [02/Jun/2019:16:46:59 +0200] "GET /favicon.ico HTTP/1.1" 200 104943
0:0:0:0:0:0:0:1 - - [02/Jun/2019:16:48:06 +0200] "GET /genres HTTP/1.1" 200 1492
0:0:0:0:0:0:0:1 - - [02/Jun/2019:16:48:06 +0200] "GET /favicon.ico HTTP/1.1" 200 104943
0:0:0:0:0:0:0:1 - - [02/Jun/2019:16:48:08 +0200] "GET /albums HTTP/1.1" 200 1708
0:0:0:0:0:0:0:1 - - [02/Jun/2019:16:48:09 +0200] "GET /genres HTTP/1.1" 200 1492
0:0:0:0:0:0:0:1 - - [02/Jun/2019:16:48:10 +0200] "GET /albums HTTP/1.1" 200 1708
0:0:0:0:0:0:0:1 - - [02/Jun/2019:16:48:11 +0200] "GET /albums/9/songs HTTP/1.1" 200 1807
0:0:0:0:0:0:0:1 - - [02/Jun/2019:16:48:12 +0200] "GET /albums/9/songs/7/remove HTTP/1.1" 200 2117
0:0:0:0:0:0:0:1 - - [02/Jun/2019:16:48:14 +0200] "POST /albums/9/songs/7/remove HTTP/1.1" 302 -
0:0:0:0:0:0:0:1 - - [02/Jun/2019:16:48:14 +0200] "GET /albums/9/songs HTTP/1.1" 500 9669
0:0:0:0:0:0:0:1 - - [02/Jun/2019:16:55:20 +0200] "GET /albums HTTP/1.1" 200 1708
0:0:0:0:0:0:0:1 - - [02/Jun/2019:16:55:22 +0200] "GET /albums/1/songs HTTP/1.1" 200 2785
0:0:0:0:0:0:0:1 - - [02/Jun/2019:16:55:25 +0200] "GET /albums/1/songs/7/remove HTTP/1.1" 200 2117
0:0:0:0:0:0:0:1 - - [02/Jun/2019:16:55:27 +0200] "POST /albums/1/songs/7/remove HTTP/1.1" 302 -
0:0:0:0:0:0:0:1 - - [02/Jun/2019:16:55:27 +0200] "GET /albums/1/songs HTTP/1.1" 200 2785
0:0:0:0:0:0:0:1 - - [02/Jun/2019:16:55:32 +0200] "GET /albums/1/songs HTTP/1.1" 200 2785
0:0:0:0:0:0:0:1 - - [02/Jun/2019:16:55:32 +0200] "GET /favicon.ico HTTP/1.1" 200 104943
0:0:0:0:0:0:0:1 - - [02/Jun/2019:16:55:34 +0200] "GET /albums/1/songs HTTP/1.1" 200 2785
0:0:0:0:0:0:0:1 - - [02/Jun/2019:16:55:34 +0200] "GET /favicon.ico HTTP/1.1" 200 104943
0:0:0:0:0:0:0:1 - - [02/Jun/2019:16:55:38 +0200] "GET /albums/1/songs/4/remove HTTP/1.1" 200 2117
0:0:0:0:0:0:0:1 - - [02/Jun/2019:16:55:40 +0200] "POST /albums/1/songs/4/remove HTTP/1.1" 302 -
0:0:0:0:0:0:0:1 - - [02/Jun/2019:16:55:40 +0200] "GET /albums/1/songs HTTP/1.1" 200 2785
0:0:0:0:0:0:0:1 - - [02/Jun/2019:16:55:43 +0200] "GET /albums HTTP/1.1" 200 1708
0:0:0:0:0:0:0:1 - - [02/Jun/2019:16:57:05 +0200] "GET /albums HTTP/1.1" 200 1699
0:0:0:0:0:0:0:1 - - [02/Jun/2019:16:57:05 +0200] "GET /favicon.ico HTTP/1.1" 200 104943
0:0:0:0:0:0:0:1 - - [02/Jun/2019:16:57:07 +0200] "GET /albums/1/songs HTTP/1.1" 200 2785
0:0:0:0:0:0:0:1 - - [02/Jun/2019:16:57:10 +0200] "GET /albums/1/songs/8/update HTTP/1.1" 200 2097
0:0:0:0:0:0:0:1 - - [02/Jun/2019:16:57:14 +0200] "POST /albums/1/songs/8/update HTTP/1.1" 500 16880
0:0:0:0:0:0:0:1 - - [02/Jun/2019:17:01:46 +0200] "GET /albums HTTP/1.1" 200 1699
0:0:0:0:0:0:0:1 - - [02/Jun/2019:17:01:48 +0200] "GET /albums HTTP/1.1" 200 1699
0:0:0:0:0:0:0:1 - - [02/Jun/2019:17:01:48 +0200] "GET /genres HTTP/1.1" 200 1492
0:0:0:0:0:0:0:1 - - [02/Jun/2019:17:01:50 +0200] "GET /albums HTTP/1.1" 200 1699
0:0:0:0:0:0:0:1 - - [02/Jun/2019:17:01:51 +0200] "GET /albums/1/songs HTTP/1.1" 200 2785
0:0:0:0:0:0:0:1 - - [02/Jun/2019:17:01:53 +0200] "GET /albums/1/songs/8/update HTTP/1.1" 200 2097
0:0:0:0:0:0:0:1 - - [02/Jun/2019:17:01:57 +0200] "POST /albums/1/songs/8/update HTTP/1.1" 500 16885
127.0.0.1 - - [02/Jun/2019:17:02:56 +0200] "GET /albums/ HTTP/1.1" 200 1699
127.0.0.1 - - [02/Jun/2019:17:02:59 +0200] "GET /albums/6/songs HTTP/1.1" 200 1807
127.0.0.1 - - [02/Jun/2019:17:03:00 +0200] "GET /albums/6/songs/4/remove HTTP/1.1" 200 2117
127.0.0.1 - - [02/Jun/2019:17:03:02 +0200] "POST /albums/6/songs/4/remove HTTP/1.1" 302 -
127.0.0.1 - - [02/Jun/2019:17:03:02 +0200] "GET /albums/6/songs HTTP/1.1" 200 1807
127.0.0.1 - - [02/Jun/2019:17:03:06 +0200] "GET /genres HTTP/1.1" 200 1492
127.0.0.1 - - [02/Jun/2019:17:03:08 +0200] "GET /albums HTTP/1.1" 200 1699
127.0.0.1 - - [02/Jun/2019:17:03:10 +0200] "GET /albums/6/songs HTTP/1.1" 200 1807
127.0.0.1 - - [02/Jun/2019:17:03:13 +0200] "GET /albums/6/songs/4/update HTTP/1.1" 200 2098
127.0.0.1 - - [02/Jun/2019:17:03:15 +0200] "POST /albums/6/songs/4/update HTTP/1.1" 500 16895
0:0:0:0:0:0:0:1 - - [02/Jun/2019:17:12:30 +0200] "GET /albums/ HTTP/1.1" 200 1699
0:0:0:0:0:0:0:1 - - [02/Jun/2019:17:12:33 +0200] "GET /albums/new? HTTP/1.1" 200 1617
0:0:0:0:0:0:0:1 - - [02/Jun/2019:17:12:41 +0200] "POST /albums/new? HTTP/1.1" 302 -
0:0:0:0:0:0:0:1 - - [02/Jun/2019:17:12:41 +0200] "GET /albums HTTP/1.1" 200 1863
0:0:0:0:0:0:0:1 - - [02/Jun/2019:17:12:44 +0200] "GET /albums/21/songs HTTP/1.1" 200 1337
0:0:0:0:0:0:0:1 - - [02/Jun/2019:17:12:46 +0200] "GET /albums/21/songs/new? HTTP/1.1" 200 2072
0:0:0:0:0:0:0:1 - - [02/Jun/2019:17:12:58 +0200] "POST /albums/21/songs/new? HTTP/1.1" 302 -
0:0:0:0:0:0:0:1 - - [02/Jun/2019:17:12:58 +0200] "GET /albums/21/songs HTTP/1.1" 500 10012
0:0:0:0:0:0:0:1 - - [02/Jun/2019:17:16:13 +0200] "GET /employees HTTP/1.1" 200 1607
0:0:0:0:0:0:0:1 - - [02/Jun/2019:17:16:14 +0200] "GET /albums HTTP/1.1" 200 1699
0:0:0:0:0:0:0:1 - - [02/Jun/2019:17:16:16 +0200] "GET /albums/new? HTTP/1.1" 200 1617
0:0:0:0:0:0:0:1 - - [02/Jun/2019:17:16:18 +0200] "POST /albums/new? HTTP/1.1" 302 -
0:0:0:0:0:0:0:1 - - [02/Jun/2019:17:16:18 +0200] "GET /albums HTTP/1.1" 200 1856
0:0:0:0:0:0:0:1 - - [02/Jun/2019:17:16:20 +0200] "GET /albums/21/songs HTTP/1.1" 200 1330
0:0:0:0:0:0:0:1 - - [02/Jun/2019:17:16:21 +0200] "GET /albums/21/songs/new? HTTP/1.1" 200 2081
0:0:0:0:0:0:0:1 - - [02/Jun/2019:17:16:25 +0200] "POST /albums/21/songs/new? HTTP/1.1" 302 -
0:0:0:0:0:0:0:1 - - [02/Jun/2019:17:16:25 +0200] "GET /albums/21/songs HTTP/1.1" 200 1805
0:0:0:0:0:0:0:1 - - [02/Jun/2019:17:16:35 +0200] "GET /albums/21/songs/22/update HTTP/1.1" 200 2094
0:0:0:0:0:0:0:1 - - [02/Jun/2019:17:16:38 +0200] "POST /albums/21/songs/22/update HTTP/1.1" 500 16830
0:0:0:0:0:0:0:1 - - [02/Jun/2019:17:25:24 +0200] "GET /albums/21/songs/22/remove HTTP/1.1" 200 2113
0:0:0:0:0:0:0:1 - - [02/Jun/2019:17:25:26 +0200] "POST /albums/21/songs/22/remove HTTP/1.1" 302 -
0:0:0:0:0:0:0:1 - - [02/Jun/2019:17:25:26 +0200] "GET /albums/21/songs HTTP/1.1" 200 1805
0:0:0:0:0:0:0:1 - - [02/Jun/2019:17:25:29 +0200] "GET /albums/21/songs HTTP/1.1" 200 1805
0:0:0:0:0:0:0:1 - - [02/Jun/2019:17:25:29 +0200] "GET /favicon.ico HTTP/1.1" 200 104943
0:0:0:0:0:0:0:1 - - [02/Jun/2019:17:25:31 +0200] "GET /genres HTTP/1.1" 200 1593
0:0:0:0:0:0:0:1 - - [02/Jun/2019:17:25:36 +0200] "GET /albums HTTP/1.1" 200 1856
0:0:0:0:0:0:0:1 - - [02/Jun/2019:17:25:40 +0200] "GET /albums/21/songs HTTP/1.1" 200 1805
0:0:0:0:0:0:0:1 - - [02/Jun/2019:17:25:42 +0200] "GET /albums/21/songs/22/remove HTTP/1.1" 200 2113
0:0:0:0:0:0:0:1 - - [02/Jun/2019:17:25:45 +0200] "POST /albums/21/songs/22/remove HTTP/1.1" 302 -
0:0:0:0:0:0:0:1 - - [02/Jun/2019:17:25:45 +0200] "GET /albums/21/songs HTTP/1.1" 200 1805
0:0:0:0:0:0:0:1 - - [02/Jun/2019:17:26:28 +0200] "GET /albums/ HTTP/1.1" 200 1699
0:0:0:0:0:0:0:1 - - [02/Jun/2019:17:26:30 +0200] "GET /albums/new? HTTP/1.1" 200 1617
0:0:0:0:0:0:0:1 - - [02/Jun/2019:17:26:34 +0200] "POST /albums/new? HTTP/1.1" 302 -
0:0:0:0:0:0:0:1 - - [02/Jun/2019:17:26:34 +0200] "GET /albums HTTP/1.1" 200 1862
0:0:0:0:0:0:0:1 - - [02/Jun/2019:17:26:35 +0200] "GET /albums/21/songs HTTP/1.1" 200 1333
0:0:0:0:0:0:0:1 - - [02/Jun/2019:17:26:37 +0200] "GET /albums/21/songs/new? HTTP/1.1" 200 2081
0:0:0:0:0:0:0:1 - - [02/Jun/2019:17:26:41 +0200] "POST /albums/21/songs/new? HTTP/1.1" 302 -
0:0:0:0:0:0:0:1 - - [02/Jun/2019:17:26:41 +0200] "GET /albums/21/songs HTTP/1.1" 200 1805
0:0:0:0:0:0:0:1 - - [02/Jun/2019:17:26:43 +0200] "GET /albums/21/songs/22/remove HTTP/1.1" 200 2110
0:0:0:0:0:0:0:1 - - [02/Jun/2019:17:26:44 +0200] "POST /albums/21/songs/22/remove HTTP/1.1" 302 -
0:0:0:0:0:0:0:1 - - [02/Jun/2019:17:26:44 +0200] "GET /albums/21/songs HTTP/1.1" 500 9669
0:0:0:0:0:0:0:1 - - [02/Jun/2019:17:30:59 +0200] "GET /albums/21/songs/22/remove HTTP/1.1" 500 6889
0:0:0:0:0:0:0:1 - - [02/Jun/2019:17:31:01 +0200] "GET /albums/21/songs/new? HTTP/1.1" 500 6887
0:0:0:0:0:0:0:1 - - [02/Jun/2019:17:31:03 +0200] "GET /albums HTTP/1.1" 200 1699
0:0:0:0:0:0:0:1 - - [02/Jun/2019:17:31:03 +0200] "GET /favicon.ico HTTP/1.1" 200 104943
0:0:0:0:0:0:0:1 - - [02/Jun/2019:17:31:05 +0200] "GET /albums/9/songs HTTP/1.1" 200 1807
0:0:0:0:0:0:0:1 - - [02/Jun/2019:17:31:07 +0200] "GET /albums/9/songs/7/remove HTTP/1.1" 200 2117
0:0:0:0:0:0:0:1 - - [02/Jun/2019:17:31:09 +0200] "POST /albums/9/songs/7/remove HTTP/1.1" 302 -
0:0:0:0:0:0:0:1 - - [02/Jun/2019:17:31:09 +0200] "GET /albums/9/songs HTTP/1.1" 200 1332
0:0:0:0:0:0:0:1 - - [02/Jun/2019:17:31:13 +0200] "GET /albums HTTP/1.1" 200 1699
0:0:0:0:0:0:0:1 - - [02/Jun/2019:17:31:19 +0200] "GET /albums/9/songs HTTP/1.1" 200 1332
0:0:0:0:0:0:0:1 - - [02/Jun/2019:17:31:24 +0200] "GET /albums/1/songs HTTP/1.1" 200 2785
0:0:0:0:0:0:0:1 - - [02/Jun/2019:17:31:25 +0200] "GET /albums/1/songs/7/remove HTTP/1.1" 200 2117
0:0:0:0:0:0:0:1 - - [02/Jun/2019:17:31:26 +0200] "POST /albums/1/songs/7/remove HTTP/1.1" 302 -
0:0:0:0:0:0:0:1 - - [02/Jun/2019:17:31:26 +0200] "GET /albums/1/songs HTTP/1.1" 200 2296
0:0:0:0:0:0:0:1 - - [02/Jun/2019:17:31:39 +0200] "GET /albums/1/songs/2/update HTTP/1.1" 200 2098
0:0:0:0:0:0:0:1 - - [02/Jun/2019:17:32:45 +0200] "GET /albums/1/songs/2/update HTTP/1.1" 200 2098
0:0:0:0:0:0:0:1 - - [02/Jun/2019:17:32:45 +0200] "GET /favicon.ico HTTP/1.1" 200 104943
0:0:0:0:0:0:0:1 - - [02/Jun/2019:17:32:47 +0200] "GET /albums/ HTTP/1.1" 200 1699
0:0:0:0:0:0:0:1 - - [02/Jun/2019:17:32:50 +0200] "GET /albums/7/songs HTTP/1.1" 200 1807
0:0:0:0:0:0:0:1 - - [02/Jun/2019:17:32:51 +0200] "GET /albums/7/songs/5/update HTTP/1.1" 200 2098
0:0:0:0:0:0:0:1 - - [02/Jun/2019:17:32:53 +0200] "POST /albums/7/songs/5/update HTTP/1.1" 302 -
0:0:0:0:0:0:0:1 - - [02/Jun/2019:17:32:53 +0200] "GET /albums/7/songs HTTP/1.1" 200 1807
0:0:0:0:0:0:0:1 - - [02/Jun/2019:17:33:13 +0200] "GET /albums/7/songs/5/update HTTP/1.1" 200 2098
0:0:0:0:0:0:0:1 - - [02/Jun/2019:17:33:16 +0200] "POST /albums/7/songs/5/update HTTP/1.1" 302 -
0:0:0:0:0:0:0:1 - - [02/Jun/2019:17:33:16 +0200] "GET /albums/7/songs HTTP/1.1" 200 1807
0:0:0:0:0:0:0:1 - - [02/Jun/2019:17:34:39 +0200] "GET /albums/7/songs HTTP/1.1" 500 6884
0:0:0:0:0:0:0:1 - - [02/Jun/2019:17:34:40 +0200] "GET /favicon.ico HTTP/1.1" 200 104943
0:0:0:0:0:0:0:1 - - [02/Jun/2019:17:34:41 +0200] "GET /albums/7/songs/5/update HTTP/1.1" 200 2097
0:0:0:0:0:0:0:1 - - [02/Jun/2019:17:34:46 +0200] "GET /albums HTTP/1.1" 200 1699
0:0:0:0:0:0:0:1 - - [02/Jun/2019:17:34:47 +0200] "GET /albums/4/songs HTTP/1.1" 200 1807
0:0:0:0:0:0:0:1 - - [02/Jun/2019:17:34:49 +0200] "GET /albums/4/songs/2/update HTTP/1.1" 200 2098
0:0:0:0:0:0:0:1 - - [02/Jun/2019:17:34:51 +0200] "POST /albums/4/songs/2/update HTTP/1.1" 302 -
0:0:0:0:0:0:0:1 - - [02/Jun/2019:17:34:51 +0200] "GET /albums/4/songs HTTP/1.1" 200 1816
0:0:0:0:0:0:0:1 - - [02/Jun/2019:17:34:57 +0200] "GET /albums HTTP/1.1" 200 1699
0:0:0:0:0:0:0:1 - - [02/Jun/2019:17:35:00 +0200] "GET /albums/4/songs HTTP/1.1" 200 1816
0:0:0:0:0:0:0:1 - - [02/Jun/2019:17:35:06 +0200] "GET /albums/4/songs/new? HTTP/1.1" 200 2081
0:0:0:0:0:0:0:1 - - [02/Jun/2019:17:35:10 +0200] "POST /albums/4/songs/new? HTTP/1.1" 302 -
0:0:0:0:0:0:0:1 - - [02/Jun/2019:17:35:10 +0200] "GET /albums/4/songs HTTP/1.1" 200 1816
0:0:0:0:0:0:0:1 - - [02/Jun/2019:17:35:14 +0200] "GET /albums/4/songs/new? HTTP/1.1" 200 2081
0:0:0:0:0:0:0:1 - - [02/Jun/2019:17:35:19 +0200] "POST /albums/4/songs/new? HTTP/1.1" 302 -
0:0:0:0:0:0:0:1 - - [02/Jun/2019:17:35:19 +0200] "GET /albums/4/songs HTTP/1.1" 200 1816
0:0:0:0:0:0:0:1 - - [02/Jun/2019:17:37:12 +0200] "GET /albums/4/songs HTTP/1.1" 200 1807
0:0:0:0:0:0:0:1 - - [02/Jun/2019:17:37:12 +0200] "GET /favicon.ico HTTP/1.1" 200 104943
0:0:0:0:0:0:0:1 - - [02/Jun/2019:17:37:14 +0200] "GET /albums/4/songs/2/update HTTP/1.1" 200 2098
0:0:0:0:0:0:0:1 - - [02/Jun/2019:17:37:16 +0200] "POST /albums/4/songs/2/update HTTP/1.1" 500 16920
0:0:0:0:0:0:0:1 - - [02/Jun/2019:17:37:24 +0200] "GET /albums/4/songs/new? HTTP/1.1" 200 2081
0:0:0:0:0:0:0:1 - - [02/Jun/2019:17:37:27 +0200] "POST /albums/4/songs/new? HTTP/1.1" 302 -
0:0:0:0:0:0:0:1 - - [02/Jun/2019:17:37:27 +0200] "GET /albums/4/songs HTTP/1.1" 200 1807
0:0:0:0:0:0:0:1 - - [02/Jun/2019:17:37:30 +0200] "GET /albums/4/songs/new? HTTP/1.1" 200 2081
0:0:0:0:0:0:0:1 - - [02/Jun/2019:17:37:34 +0200] "POST /albums/4/songs/new? HTTP/1.1" 302 -
0:0:0:0:0:0:0:1 - - [02/Jun/2019:17:37:34 +0200] "GET /albums/4/songs HTTP/1.1" 200 1807
0:0:0:0:0:0:0:1 - - [02/Jun/2019:17:37:37 +0200] "GET /albums/4/songs/new? HTTP/1.1" 200 2081
0:0:0:0:0:0:0:1 - - [02/Jun/2019:17:37:41 +0200] "POST /albums/4/songs/new? HTTP/1.1" 302 -
0:0:0:0:0:0:0:1 - - [02/Jun/2019:17:37:42 +0200] "GET /albums/4/songs HTTP/1.1" 200 1807
0:0:0:0:0:0:0:1 - - [02/Jun/2019:17:37:46 +0200] "GET /albums/4/songs/new? HTTP/1.1" 200 2081
0:0:0:0:0:0:0:1 - - [02/Jun/2019:17:37:48 +0200] "POST /albums/4/songs/new? HTTP/1.1" 302 -
0:0:0:0:0:0:0:1 - - [02/Jun/2019:17:37:48 +0200] "GET /albums/4/songs HTTP/1.1" 200 1807
0:0:0:0:0:0:0:1 - - [02/Jun/2019:17:37:48 +0200] "GET /albums/4/songs/new? HTTP/1.1" 200 2081
0:0:0:0:0:0:0:1 - - [02/Jun/2019:17:37:49 +0200] "POST /albums/4/songs/new? HTTP/1.1" 302 -
0:0:0:0:0:0:0:1 - - [02/Jun/2019:17:37:49 +0200] "GET /albums/4/songs HTTP/1.1" 200 1807
0:0:0:0:0:0:0:1 - - [02/Jun/2019:17:37:50 +0200] "GET /albums/4/songs/2/update HTTP/1.1" 200 2098
0:0:0:0:0:0:0:1 - - [02/Jun/2019:17:38:04 +0200] "GET /albums HTTP/1.1" 200 1699
0:0:0:0:0:0:0:1 - - [02/Jun/2019:17:38:05 +0200] "GET /albums HTTP/1.1" 200 1699
0:0:0:0:0:0:0:1 - - [02/Jun/2019:17:38:05 +0200] "GET /favicon.ico HTTP/1.1" 200 104943
0:0:0:0:0:0:0:1 - - [02/Jun/2019:17:38:07 +0200] "GET /albums/9/songs HTTP/1.1" 200 1807
0:0:0:0:0:0:0:1 - - [02/Jun/2019:17:38:09 +0200] "GET /albums/9/songs/new? HTTP/1.1" 200 2081
0:0:0:0:0:0:0:1 - - [02/Jun/2019:17:38:13 +0200] "POST /albums/9/songs/new? HTTP/1.1" 302 -
0:0:0:0:0:0:0:1 - - [02/Jun/2019:17:38:13 +0200] "GET /albums/9/songs HTTP/1.1" 200 1807
0:0:0:0:0:0:0:1 - - [02/Jun/2019:17:38:36 +0200] "GET /albums/9/songs/7/update HTTP/1.1" 200 2098
0:0:0:0:0:0:0:1 - - [02/Jun/2019:17:38:37 +0200] "POST /albums/9/songs/7/update HTTP/1.1" 500 16895
0:0:0:0:0:0:0:1 - - [02/Jun/2019:17:39:50 +0200] "GET /albums/ HTTP/1.1" 200 1699
0:0:0:0:0:0:0:1 - - [02/Jun/2019:17:39:52 +0200] "GET /albums/6/songs HTTP/1.1" 200 1807
0:0:0:0:0:0:0:1 - - [02/Jun/2019:17:39:53 +0200] "GET /albums/6/songs/4/update HTTP/1.1" 200 2098
0:0:0:0:0:0:0:1 - - [02/Jun/2019:17:39:55 +0200] "POST /albums/6/songs/4/update HTTP/1.1" 500 16908
0:0:0:0:0:0:0:1 - - [02/Jun/2019:17:40:00 +0200] "GET /albums/new? HTTP/1.1" 200 1617
0:0:0:0:0:0:0:1 - - [02/Jun/2019:17:40:02 +0200] "POST /albums/new? HTTP/1.1" 302 -
0:0:0:0:0:0:0:1 - - [02/Jun/2019:17:40:02 +0200] "GET /albums HTTP/1.1" 200 1858
0:0:0:0:0:0:0:1 - - [02/Jun/2019:17:40:04 +0200] "GET /albums/21/songs HTTP/1.1" 200 1332
0:0:0:0:0:0:0:1 - - [02/Jun/2019:17:40:05 +0200] "GET /albums/21/songs/new? HTTP/1.1" 200 2081
0:0:0:0:0:0:0:1 - - [02/Jun/2019:17:40:09 +0200] "POST /albums/21/songs/new? HTTP/1.1" 302 -
0:0:0:0:0:0:0:1 - - [02/Jun/2019:17:40:09 +0200] "GET /albums/21/songs HTTP/1.1" 200 1811
0:0:0:0:0:0:0:1 - - [02/Jun/2019:17:40:11 +0200] "GET /albums/21/songs/new? HTTP/1.1" 200 2081
0:0:0:0:0:0:0:1 - - [02/Jun/2019:17:40:14 +0200] "POST /albums/21/songs/new? HTTP/1.1" 302 -
0:0:0:0:0:0:0:1 - - [02/Jun/2019:17:40:14 +0200] "GET /albums/21/songs HTTP/1.1" 200 2302
0:0:0:0:0:0:0:1 - - [02/Jun/2019:17:40:42 +0200] "GET /albums/21/songs/24/update HTTP/1.1" 200 2098
0:0:0:0:0:0:0:1 - - [02/Jun/2019:17:40:46 +0200] "POST /albums/21/songs/24/update HTTP/1.1" 500 16873
0:0:0:0:0:0:0:1 - - [02/Jun/2019:17:40:54 +0200] "GET /albums/21/songs/24/update HTTP/1.1" 200 2098
0:0:0:0:0:0:0:1 - - [02/Jun/2019:17:40:54 +0200] "GET /favicon.ico HTTP/1.1" 200 104943
0:0:0:0:0:0:0:1 - - [02/Jun/2019:17:40:59 +0200] "GET /albums/21/songs HTTP/1.1" 200 2302
0:0:0:0:0:0:0:1 - - [02/Jun/2019:17:41:00 +0200] "GET /favicon.ico HTTP/1.1" 200 104943
0:0:0:0:0:0:0:1 - - [02/Jun/2019:17:41:02 +0200] "GET /albums/21/songs/24/remove HTTP/1.1" 200 2117
0:0:0:0:0:0:0:1 - - [02/Jun/2019:17:41:03 +0200] "POST /albums/21/songs/24/remove HTTP/1.1" 302 -
0:0:0:0:0:0:0:1 - - [02/Jun/2019:17:41:03 +0200] "GET /albums/21/songs HTTP/1.1" 200 1811
0:0:0:0:0:0:0:1 - - [02/Jun/2019:17:41:07 +0200] "GET /albums/21/songs HTTP/1.1" 200 1811
0:0:0:0:0:0:0:1 - - [02/Jun/2019:17:41:07 +0200] "GET /favicon.ico HTTP/1.1" 200 104943
0:0:0:0:0:0:0:1 - - [02/Jun/2019:17:41:12 +0200] "GET /albums HTTP/1.1" 200 1858
0:0:0:0:0:0:0:1 - - [02/Jun/2019:17:41:14 +0200] "GET /albums/21/songs HTTP/1.1" 200 1811
0:0:0:0:0:0:0:1 - - [02/Jun/2019:17:41:15 +0200] "GET /albums/21/songs/new? HTTP/1.1" 200 2081
0:0:0:0:0:0:0:1 - - [02/Jun/2019:17:41:19 +0200] "POST /albums/21/songs/new? HTTP/1.1" 302 -
0:0:0:0:0:0:0:1 - - [02/Jun/2019:17:41:19 +0200] "GET /albums/21/songs HTTP/1.1" 200 2297
0:0:0:0:0:0:0:1 - - [02/Jun/2019:17:41:21 +0200] "GET /albums HTTP/1.1" 200 1858
0:0:0:0:0:0:0:1 - - [02/Jun/2019:17:41:24 +0200] "GET /genres HTTP/1.1" 200 1795
0:0:0:0:0:0:0:1 - - [02/Jun/2019:17:42:25 +0200] "GET /albums/21/songs HTTP/1.1" 200 2297
0:0:0:0:0:0:0:1 - - [02/Jun/2019:17:42:27 +0200] "GET /albums/21/songs/26/remove HTTP/1.1" 200 2111
0:0:0:0:0:0:0:1 - - [02/Jun/2019:17:42:28 +0200] "POST /albums/21/songs/26/remove HTTP/1.1" 302 -
0:0:0:0:0:0:0:1 - - [02/Jun/2019:17:42:28 +0200] "GET /albums/21/songs HTTP/1.1" 200 1811
0:0:0:0:0:0:0:1 - - [02/Jun/2019:17:42:30 +0200] "GET /albums HTTP/1.1" 200 1858
0:0:0:0:0:0:0:1 - - [02/Jun/2019:17:42:32 +0200] "GET /genres HTTP/1.1" 200 1795
0:0:0:0:0:0:0:1 - - [02/Jun/2019:17:42:34 +0200] "GET /albums HTTP/1.1" 200 1858
0:0:0:0:0:0:0:1 - - [02/Jun/2019:17:42:38 +0200] "GET /genres HTTP/1.1" 200 1795
0:0:0:0:0:0:0:1 - - [02/Jun/2019:17:46:33 +0200] "GET /albums HTTP/1.1" 200 1858
0:0:0:0:0:0:0:1 - - [02/Jun/2019:17:46:36 +0200] "GET /genres HTTP/1.1" 200 1795
0:0:0:0:0:0:0:1 - - [02/Jun/2019:17:46:38 +0200] "GET /albums HTTP/1.1" 200 1858
0:0:0:0:0:0:0:1 - - [02/Jun/2019:17:46:40 +0200] "GET /albums/21/songs HTTP/1.1" 200 1811
0:0:0:0:0:0:0:1 - - [02/Jun/2019:17:46:47 +0200] "GET /albums/21/songs/22/update HTTP/1.1" 200 2100
0:0:0:0:0:0:0:1 - - [02/Jun/2019:17:46:56 +0200] "GET /albums/21/songs/22/remove HTTP/1.1" 200 2119
0:0:0:0:0:0:0:1 - - [02/Jun/2019:17:46:59 +0200] "POST /albums/21/songs/22/remove HTTP/1.1" 302 -
0:0:0:0:0:0:0:1 - - [02/Jun/2019:17:46:59 +0200] "GET /albums/21/songs HTTP/1.1" 200 1332
0:0:0:0:0:0:0:1 - - [02/Jun/2019:17:47:01 +0200] "GET /albums HTTP/1.1" 200 1858
0:0:0:0:0:0:0:1 - - [02/Jun/2019:17:47:03 +0200] "GET /albums/1/songs HTTP/1.1" 200 2785
0:0:0:0:0:0:0:1 - - [02/Jun/2019:17:47:05 +0200] "GET /albums/1/songs/2/remove HTTP/1.1" 200 2116
0:0:0:0:0:0:0:1 - - [02/Jun/2019:17:47:07 +0200] "POST /albums/1/songs/2/remove HTTP/1.1" 302 -
0:0:0:0:0:0:0:1 - - [02/Jun/2019:17:47:07 +0200] "GET /albums/1/songs HTTP/1.1" 200 2296
0:0:0:0:0:0:0:1 - - [02/Jun/2019:17:47:09 +0200] "GET /albums HTTP/1.1" 200 1858
0:0:0:0:0:0:0:1 - - [02/Jun/2019:17:47:11 +0200] "GET /albums/9/songs HTTP/1.1" 200 1807
0:0:0:0:0:0:0:1 - - [02/Jun/2019:17:47:12 +0200] "GET /albums/9/songs/7/remove HTTP/1.1" 200 2117
0:0:0:0:0:0:0:1 - - [02/Jun/2019:17:47:13 +0200] "POST /albums/9/songs/7/remove HTTP/1.1" 302 -
0:0:0:0:0:0:0:1 - - [02/Jun/2019:17:47:13 +0200] "GET /albums/9/songs HTTP/1.1" 200 1332
0:0:0:0:0:0:0:1 - - [02/Jun/2019:17:47:15 +0200] "GET /albums HTTP/1.1" 200 1858
0:0:0:0:0:0:0:1 - - [02/Jun/2019:17:47:18 +0200] "GET /genres HTTP/1.1" 200 1795
0:0:0:0:0:0:0:1 - - [02/Jun/2019:17:47:20 +0200] "GET /albums HTTP/1.1" 200 1858
0:0:0:0:0:0:0:1 - - [02/Jun/2019:17:47:22 +0200] "GET /albums/1/songs HTTP/1.1" 200 2296
0:0:0:0:0:0:0:1 - - [02/Jun/2019:17:47:23 +0200] "GET /albums/1/songs/7/remove HTTP/1.1" 200 2117
0:0:0:0:0:0:0:1 - - [02/Jun/2019:17:47:24 +0200] "POST /albums/1/songs/7/remove HTTP/1.1" 302 -
0:0:0:0:0:0:0:1 - - [02/Jun/2019:17:47:24 +0200] "GET /albums/1/songs HTTP/1.1" 200 1807
0:0:0:0:0:0:0:1 - - [02/Jun/2019:17:47:27 +0200] "GET /albums/1/songs/new? HTTP/1.1" 200 2081
0:0:0:0:0:0:0:1 - - [02/Jun/2019:17:47:33 +0200] "POST /albums/1/songs/new? HTTP/1.1" 302 -
0:0:0:0:0:0:0:1 - - [02/Jun/2019:17:47:33 +0200] "GET /albums/1/songs HTTP/1.1" 200 2294
0:0:0:0:0:0:0:1 - - [02/Jun/2019:17:47:37 +0200] "GET /genres HTTP/1.1" 200 1896
0:0:0:0:0:0:0:1 - - [02/Jun/2019:17:47:41 +0200] "GET /albums HTTP/1.1" 200 1858
0:0:0:0:0:0:0:1 - - [02/Jun/2019:17:48:42 +0200] "GET /albums HTTP/1.1" 200 1699
0:0:0:0:0:0:0:1 - - [02/Jun/2019:17:48:42 +0200] "GET /genres HTTP/1.1" 200 1492
0:0:0:0:0:0:0:1 - - [02/Jun/2019:17:48:44 +0200] "GET /albums HTTP/1.1" 200 1699
0:0:0:0:0:0:0:1 - - [02/Jun/2019:17:48:45 +0200] "GET /genres HTTP/1.1" 200 1492
0:0:0:0:0:0:0:1 - - [02/Jun/2019:17:48:46 +0200] "GET /albums HTTP/1.1" 200 1699
0:0:0:0:0:0:0:1 - - [02/Jun/2019:17:48:46 +0200] "GET /genres HTTP/1.1" 200 1492
0:0:0:0:0:0:0:1 - - [02/Jun/2019:17:53:44 +0200] "GET /genres HTTP/1.1" 200 1534
0:0:0:0:0:0:0:1 - - [02/Jun/2019:17:53:44 +0200] "GET /favicon.ico HTTP/1.1" 200 104943
0:0:0:0:0:0:0:1 - - [02/Jun/2019:17:53:46 +0200] "GET /genres HTTP/1.1" 200 1534
0:0:0:0:0:0:0:1 - - [02/Jun/2019:17:53:48 +0200] "GET /albums HTTP/1.1" 200 1741
0:0:0:0:0:0:0:1 - - [02/Jun/2019:17:53:49 +0200] "GET /genres HTTP/1.1" 200 1534
0:0:0:0:0:0:0:1 - - [02/Jun/2019:17:53:50 +0200] "GET /genres HTTP/1.1" 200 1534
0:0:0:0:0:0:0:1 - - [02/Jun/2019:17:53:51 +0200] "GET /genres HTTP/1.1" 200 1534
0:0:0:0:0:0:0:1 - - [02/Jun/2019:17:54:12 +0200] "GET /genres HTTP/1.1" 200 1253
0:0:0:0:0:0:0:1 - - [02/Jun/2019:17:54:17 +0200] "GET /genres HTTP/1.1" 200 1533
0:0:0:0:0:0:0:1 - - [02/Jun/2019:17:54:17 +0200] "GET /favicon.ico HTTP/1.1" 200 104943
0:0:0:0:0:0:0:1 - - [02/Jun/2019:17:54:19 +0200] "GET /songs HTTP/1.1" 500 11471
127.0.0.1 - - [02/Jun/2019:17:54:22 +0200] "GET /albums HTTP/1.1" 200 1740
0:0:0:0:0:0:0:1 - - [02/Jun/2019:17:56:04 +0200] "GET /songs HTTP/1.1" 200 1669
0:0:0:0:0:0:0:1 - - [02/Jun/2019:17:56:23 +0200] "GET /albums HTTP/1.1" 200 1740
0:0:0:0:0:0:0:1 - - [02/Jun/2019:17:56:28 +0200] "GET /albums/9/songs HTTP/1.1" 200 1848
0:0:0:0:0:0:0:1 - - [02/Jun/2019:17:56:47 +0200] "GET /genres HTTP/1.1" 200 1533
0:0:0:0:0:0:0:1 - - [02/Jun/2019:17:56:49 +0200] "GET /albums HTTP/1.1" 200 1740
0:0:0:0:0:0:0:1 - - [02/Jun/2019:17:56:49 +0200] "GET /songs HTTP/1.1" 200 1669
0:0:0:0:0:0:0:1 - - [02/Jun/2019:18:05:05 +0200] "GET /songs HTTP/1.1" 200 1669
0:0:0:0:0:0:0:1 - - [02/Jun/2019:18:05:05 +0200] "GET /favicon.ico HTTP/1.1" 200 104943
0:0:0:0:0:0:0:1 - - [02/Jun/2019:18:05:07 +0200] "GET /songs HTTP/1.1" 200 1669
0:0:0:0:0:0:0:1 - - [02/Jun/2019:18:05:08 +0200] "GET /albums HTTP/1.1" 200 1740
0:0:0:0:0:0:0:1 - - [02/Jun/2019:18:05:11 +0200] "GET /albums HTTP/1.1" 200 1740
0:0:0:0:0:0:0:1 - - [02/Jun/2019:18:05:12 +0200] "GET /songs HTTP/1.1" 200 1669
0:0:0:0:0:0:0:1 - - [02/Jun/2019:18:05:25 +0200] "GET /genres HTTP/1.1" 200 1533
0:0:0:0:0:0:0:1 - - [02/Jun/2019:18:05:26 +0200] "GET /albums HTTP/1.1" 200 1740
0:0:0:0:0:0:0:1 - - [02/Jun/2019:18:05:33 +0200] "GET /albums HTTP/1.1" 200 1740
0:0:0:0:0:0:0:1 - - [02/Jun/2019:18:05:34 +0200] "GET /genres HTTP/1.1" 200 1533
0:0:0:0:0:0:0:1 - - [02/Jun/2019:18:05:37 +0200] "GET /albums HTTP/1.1" 200 1740
0:0:0:0:0:0:0:1 - - [02/Jun/2019:18:05:38 +0200] "GET /songs HTTP/1.1" 200 1669
0:0:0:0:0:0:0:1 - - [02/Jun/2019:18:05:39 +0200] "GET /albums HTTP/1.1" 200 1740
0:0:0:0:0:0:0:1 - - [02/Jun/2019:18:05:41 +0200] "GET /albums/9/songs HTTP/1.1" 200 1848
0:0:0:0:0:0:0:1 - - [02/Jun/2019:18:05:43 +0200] "GET /albums/9/songs/new? HTTP/1.1" 200 2122
0:0:0:0:0:0:0:1 - - [02/Jun/2019:18:05:57 +0200] "GET /genres HTTP/1.1" 200 1533
0:0:0:0:0:0:0:1 - - [02/Jun/2019:18:05:58 +0200] "GET /albums HTTP/1.1" 200 1740
0:0:0:0:0:0:0:1 - - [02/Jun/2019:18:06:00 +0200] "GET /songs HTTP/1.1" 200 1669
0:0:0:0:0:0:0:1 - - [02/Jun/2019:18:06:01 +0200] "GET /albums HTTP/1.1" 200 1740
0:0:0:0:0:0:0:1 - - [02/Jun/2019:18:06:04 +0200] "GET /albums/9/songs HTTP/1.1" 200 1848
0:0:0:0:0:0:0:1 - - [02/Jun/2019:18:06:05 +0200] "GET /albums/9/songs/7/update HTTP/1.1" 200 2139
0:0:0:0:0:0:0:1 - - [02/Jun/2019:18:06:07 +0200] "POST /albums/9/songs/7/update HTTP/1.1" 500 16900
0:0:0:0:0:0:0:1 - - [02/Jun/2019:18:06:43 +0200] "GET /albums HTTP/1.1" 200 1740
0:0:0:0:0:0:0:1 - - [02/Jun/2019:18:06:44 +0200] "GET /albums/new? HTTP/1.1" 200 1658
0:0:0:0:0:0:0:1 - - [02/Jun/2019:18:06:47 +0200] "POST /albums/new? HTTP/1.1" 302 -
0:0:0:0:0:0:0:1 - - [02/Jun/2019:18:06:47 +0200] "GET /albums HTTP/1.1" 200 1900
0:0:0:0:0:0:0:1 - - [02/Jun/2019:18:06:49 +0200] "GET /albums/21/songs HTTP/1.1" 200 1374
0:0:0:0:0:0:0:1 - - [02/Jun/2019:18:06:50 +0200] "GET /albums/21/songs/new? HTTP/1.1" 200 2122
0:0:0:0:0:0:0:1 - - [02/Jun/2019:18:06:53 +0200] "POST /albums/21/songs/new? HTTP/1.1" 302 -
0:0:0:0:0:0:0:1 - - [02/Jun/2019:18:06:53 +0200] "GET /albums/21/songs HTTP/1.1" 200 1852
0:0:0:0:0:0:0:1 - - [02/Jun/2019:18:06:54 +0200] "GET /albums/21/songs/new? HTTP/1.1" 200 2122
0:0:0:0:0:0:0:1 - - [02/Jun/2019:18:06:57 +0200] "POST /albums/21/songs/new? HTTP/1.1" 302 -
0:0:0:0:0:0:0:1 - - [02/Jun/2019:18:06:57 +0200] "GET /albums/21/songs HTTP/1.1" 200 2347
0:0:0:0:0:0:0:1 - - [02/Jun/2019:18:06:59 +0200] "GET /albums/21/songs/24/update HTTP/1.1" 200 2146
0:0:0:0:0:0:0:1 - - [02/Jun/2019:18:07:01 +0200] "POST /albums/21/songs/24/update HTTP/1.1" 500 16995
0:0:0:0:0:0:0:1 - - [02/Jun/2019:18:07:17 +0200] "GET /genres HTTP/1.1" 200 1735
0:0:0:0:0:0:0:1 - - [02/Jun/2019:18:12:21 +0200] "GET /genres HTTP/1.1" 200 1533
0:0:0:0:0:0:0:1 - - [02/Jun/2019:18:12:21 +0200] "GET /favicon.ico HTTP/1.1" 200 67646
0:0:0:0:0:0:0:1 - - [02/Jun/2019:18:12:24 +0200] "GET /songs HTTP/1.1" 200 1669
0:0:0:0:0:0:0:1 - - [02/Jun/2019:18:12:28 +0200] "GET /albums HTTP/1.1" 200 1740
0:0:0:0:0:0:0:1 - - [02/Jun/2019:18:12:30 +0200] "GET /songs HTTP/1.1" 200 1669
0:0:0:0:0:0:0:1 - - [02/Jun/2019:18:12:38 +0200] "GET /albums HTTP/1.1" 200 1740
0:0:0:0:0:0:0:1 - - [02/Jun/2019:18:12:39 +0200] "GET /albums/new? HTTP/1.1" 200 1658
0:0:0:0:0:0:0:1 - - [02/Jun/2019:18:12:41 +0200] "POST /albums/new? HTTP/1.1" 302 -
0:0:0:0:0:0:0:1 - - [02/Jun/2019:18:12:41 +0200] "GET /albums HTTP/1.1" 200 1900
0:0:0:0:0:0:0:1 - - [02/Jun/2019:18:12:43 +0200] "GET /albums/18/songs HTTP/1.1" 200 1374
0:0:0:0:0:0:0:1 - - [02/Jun/2019:18:12:44 +0200] "GET /albums/18/songs/new? HTTP/1.1" 200 2122
0:0:0:0:0:0:0:1 - - [02/Jun/2019:18:12:49 +0200] "POST /albums/18/songs/new? HTTP/1.1" 302 -
0:0:0:0:0:0:0:1 - - [02/Jun/2019:18:12:49 +0200] "GET /albums/18/songs HTTP/1.1" 200 1853
0:0:0:0:0:0:0:1 - - [02/Jun/2019:18:12:51 +0200] "GET /albums/18/songs/19/remove HTTP/1.1" 200 2161
0:0:0:0:0:0:0:1 - - [02/Jun/2019:18:12:52 +0200] "POST /albums/18/songs/19/remove HTTP/1.1" 302 -
0:0:0:0:0:0:0:1 - - [02/Jun/2019:18:12:52 +0200] "GET /albums/18/songs HTTP/1.1" 200 1374
0:0:0:0:0:0:0:1 - - [02/Jun/2019:18:12:55 +0200] "GET /albums/18/songs/new? HTTP/1.1" 200 2122
0:0:0:0:0:0:0:1 - - [02/Jun/2019:18:12:59 +0200] "POST /albums/18/songs/new? HTTP/1.1" 500 16540
0:0:0:0:0:0:0:1 - - [02/Jun/2019:18:14:36 +0200] "GET /albums/1 HTTP/1.1" 404 307
0:0:0:0:0:0:0:1 - - [02/Jun/2019:18:14:39 +0200] "GET /albums/ HTTP/1.1" 200 1740
0:0:0:0:0:0:0:1 - - [02/Jun/2019:18:14:43 +0200] "GET /albums/4/songs HTTP/1.1" 200 1848
0:0:0:0:0:0:0:1 - - [02/Jun/2019:18:14:45 +0200] "GET /albums/4/songs/3/update HTTP/1.1" 200 2139
0:0:0:0:0:0:0:1 - - [02/Jun/2019:18:14:47 +0200] "POST /albums/4/songs/3/update HTTP/1.1" 500 16905
0:0:0:0:0:0:0:1 - - [02/Jun/2019:18:15:38 +0200] "GET /albums/ HTTP/1.1" 200 1740
0:0:0:0:0:0:0:1 - - [02/Jun/2019:18:15:39 +0200] "GET /genres HTTP/1.1" 200 1533
0:0:0:0:0:0:0:1 - - [02/Jun/2019:18:15:44 +0200] "GET /albums HTTP/1.1" 200 1740
0:0:0:0:0:0:0:1 - - [02/Jun/2019:18:15:46 +0200] "GET /albums/new? HTTP/1.1" 200 1658
0:0:0:0:0:0:0:1 - - [02/Jun/2019:18:15:48 +0200] "GET /albums/4/songs HTTP/1.1" 200 1848
0:0:0:0:0:0:0:1 - - [02/Jun/2019:18:15:49 +0200] "GET /albums/4/songs/new? HTTP/1.1" 200 2122
0:0:0:0:0:0:0:1 - - [02/Jun/2019:18:15:56 +0200] "POST /albums/4/songs/new? HTTP/1.1" 302 -
0:0:0:0:0:0:0:1 - - [02/Jun/2019:18:15:56 +0200] "GET /albums/4/songs HTTP/1.1" 200 2339
0:0:0:0:0:0:0:1 - - [02/Jun/2019:18:15:58 +0200] "GET /genres HTTP/1.1" 200 1634
0:0:0:0:0:0:0:1 - - [02/Jun/2019:18:15:59 +0200] "GET /albums HTTP/1.1" 200 1740
0:0:0:0:0:0:0:1 - - [02/Jun/2019:18:16:00 +0200] "GET /albums/new? HTTP/1.1" 200 1658
0:0:0:0:0:0:0:1 - - [02/Jun/2019:18:16:03 +0200] "GET /albums HTTP/1.1" 200 1740
0:0:0:0:0:0:0:1 - - [02/Jun/2019:18:16:04 +0200] "GET /albums/4/songs HTTP/1.1" 200 2339
0:0:0:0:0:0:0:1 - - [02/Jun/2019:18:16:08 +0200] "GET /albums/4/songs/new? HTTP/1.1" 200 2122
0:0:0:0:0:0:0:1 - - [02/Jun/2019:18:16:12 +0200] "POST /albums/4/songs/new? HTTP/1.1" 500 16540
0:0:0:0:0:0:0:1 - - [02/Jun/2019:18:17:49 +0200] "POST /albums/4/songs/new? HTTP/1.1" 500 16540
0:0:0:0:0:0:0:1 - - [02/Jun/2019:18:17:49 +0200] "GET /favicon.ico HTTP/1.1" 200 67646
0:0:0:0:0:0:0:1 - - [02/Jun/2019:18:17:52 +0200] "GET /albums HTTP/1.1" 200 1740
0:0:0:0:0:0:0:1 - - [02/Jun/2019:18:17:54 +0200] "GET /albums/new? HTTP/1.1" 200 1658
0:0:0:0:0:0:0:1 - - [02/Jun/2019:18:17:57 +0200] "POST /albums/new? HTTP/1.1" 302 -
0:0:0:0:0:0:0:1 - - [02/Jun/2019:18:17:57 +0200] "GET /albums HTTP/1.1" 200 1903
0:0:0:0:0:0:0:1 - - [02/Jun/2019:18:17:58 +0200] "GET /albums/21/songs HTTP/1.1" 200 1377
0:0:0:0:0:0:0:1 - - [02/Jun/2019:18:17:59 +0200] "GET /albums/21/songs/new? HTTP/1.1" 200 2122
0:0:0:0:0:0:0:1 - - [02/Jun/2019:18:18:03 +0200] "POST /albums/21/songs/new? HTTP/1.1" 500 16312
0:0:0:0:0:0:0:1 - - [02/Jun/2019:18:18:09 +0200] "POST /albums/21/songs/new? HTTP/1.1" 500 16312
0:0:0:0:0:0:0:1 - - [02/Jun/2019:18:18:14 +0200] "POST /albums/21/songs/new? HTTP/1.1" 500 16312
0:0:0:0:0:0:0:1 - - [02/Jun/2019:18:21:12 +0200] "POST /albums/21/songs/new? HTTP/1.1" 500 6891
0:0:0:0:0:0:0:1 - - [02/Jun/2019:18:21:13 +0200] "GET /favicon.ico HTTP/1.1" 200 67646
0:0:0:0:0:0:0:1 - - [02/Jun/2019:18:21:16 +0200] "GET /albums HTTP/1.1" 200 1740
0:0:0:0:0:0:0:1 - - [02/Jun/2019:18:21:17 +0200] "GET /songs HTTP/1.1" 500 9009
0:0:0:0:0:0:0:1 - - [02/Jun/2019:18:21:19 +0200] "GET /songs HTTP/1.1" 500 9009
0:0:0:0:0:0:0:1 - - [02/Jun/2019:18:21:19 +0200] "GET /favicon.ico HTTP/1.1" 200 67646
0:0:0:0:0:0:0:1 - - [02/Jun/2019:18:21:20 +0200] "GET /songs HTTP/1.1" 500 9009
0:0:0:0:0:0:0:1 - - [02/Jun/2019:18:21:20 +0200] "GET /favicon.ico HTTP/1.1" 200 67646
0:0:0:0:0:0:0:1 - - [02/Jun/2019:18:21:47 +0200] "GET /songs HTTP/1.1" 500 9029
0:0:0:0:0:0:0:1 - - [02/Jun/2019:18:21:47 +0200] "GET /favicon.ico HTTP/1.1" 200 67646
0:0:0:0:0:0:0:1 - - [02/Jun/2019:18:21:50 +0200] "GET /songs HTTP/1.1" 500 9029
0:0:0:0:0:0:0:1 - - [02/Jun/2019:18:21:50 +0200] "GET /favicon.ico HTTP/1.1" 200 67646
127.0.0.1 - - [02/Jun/2019:18:22:23 +0200] "GET /songs HTTP/1.1" 200 1671
127.0.0.1 - - [02/Jun/2019:18:22:23 +0200] "GET /favicon.ico HTTP/1.1" 200 67646
0:0:0:0:0:0:0:1 - - [02/Jun/2019:18:29:07 +0200] "GET /songs HTTP/1.1" 200 1671
0:0:0:0:0:0:0:1 - - [02/Jun/2019:18:29:07 +0200] "GET /favicon.ico HTTP/1.1" 200 67646
0:0:0:0:0:0:0:1 - - [02/Jun/2019:18:29:09 +0200] "GET /albums HTTP/1.1" 200 1740
0:0:0:0:0:0:0:1 - - [02/Jun/2019:18:29:13 +0200] "GET /albums/4/songs HTTP/1.1" 200 1849
0:0:0:0:0:0:0:1 - - [02/Jun/2019:18:29:15 +0200] "GET /albums/4/songs/3/update HTTP/1.1" 200 2139
0:0:0:0:0:0:0:1 - - [02/Jun/2019:18:29:18 +0200] "POST /albums/4/songs/3/update HTTP/1.1" 500 16895
0:0:0:0:0:0:0:1 - - [02/Jun/2019:18:32:39 +0200] "GET /albums/ HTTP/1.1" 200 1740
0:0:0:0:0:0:0:1 - - [02/Jun/2019:18:32:43 +0200] "GET /albums/3/songs HTTP/1.1" 200 1849
0:0:0:0:0:0:0:1 - - [02/Jun/2019:18:32:48 +0200] "GET /albums/3/songs/2/update HTTP/1.1" 200 2139
0:0:0:0:0:0:0:1 - - [02/Jun/2019:18:32:52 +0200] "POST /albums/3/songs/2/update HTTP/1.1" 500 16604
0:0:0:0:0:0:0:1 - - [02/Jun/2019:18:36:14 +0200] "GET /albums/ HTTP/1.1" 200 1740
0:0:0:0:0:0:0:1 - - [02/Jun/2019:18:36:17 +0200] "GET /albums/new? HTTP/1.1" 200 1658
0:0:0:0:0:0:0:1 - - [02/Jun/2019:18:36:19 +0200] "POST /albums/new? HTTP/1.1" 302 -
0:0:0:0:0:0:0:1 - - [02/Jun/2019:18:36:19 +0200] "GET /albums HTTP/1.1" 200 1900
0:0:0:0:0:0:0:1 - - [02/Jun/2019:18:36:21 +0200] "GET /albums/18/songs HTTP/1.1" 200 1374
0:0:0:0:0:0:0:1 - - [02/Jun/2019:18:36:22 +0200] "GET /albums/18/songs/new? HTTP/1.1" 200 2122
0:0:0:0:0:0:0:1 - - [02/Jun/2019:18:36:25 +0200] "POST /albums/18/songs/new? HTTP/1.1" 500 16540
0:0:0:0:0:0:0:1 - - [02/Jun/2019:18:40:30 +0200] "GET /albums/ HTTP/1.1" 200 1740
0:0:0:0:0:0:0:1 - - [02/Jun/2019:18:40:33 +0200] "GET /albums/new? HTTP/1.1" 200 1658
0:0:0:0:0:0:0:1 - - [02/Jun/2019:18:40:37 +0200] "POST /albums/new? HTTP/1.1" 302 -
0:0:0:0:0:0:0:1 - - [02/Jun/2019:18:40:37 +0200] "GET /albums HTTP/1.1" 200 1901
0:0:0:0:0:0:0:1 - - [02/Jun/2019:18:40:40 +0200] "GET /albums/new? HTTP/1.1" 200 1658
0:0:0:0:0:0:0:1 - - [02/Jun/2019:18:40:43 +0200] "POST /albums/new? HTTP/1.1" 302 -
0:0:0:0:0:0:0:1 - - [02/Jun/2019:18:40:43 +0200] "GET /albums HTTP/1.1" 200 2067
0:0:0:0:0:0:0:1 - - [02/Jun/2019:18:40:44 +0200] "GET /albums/new? HTTP/1.1" 200 1658
0:0:0:0:0:0:0:1 - - [02/Jun/2019:18:40:46 +0200] "POST /albums/new? HTTP/1.1" 302 -
0:0:0:0:0:0:0:1 - - [02/Jun/2019:18:40:46 +0200] "GET /albums HTTP/1.1" 200 2230
0:0:0:0:0:0:0:1 - - [02/Jun/2019:18:40:48 +0200] "GET /albums/19/songs HTTP/1.1" 200 1377
0:0:0:0:0:0:0:1 - - [02/Jun/2019:18:40:49 +0200] "GET /albums/19/songs/new? HTTP/1.1" 200 2122
0:0:0:0:0:0:0:1 - - [02/Jun/2019:18:40:53 +0200] "POST /albums/19/songs/new? HTTP/1.1" 302 -
0:0:0:0:0:0:0:1 - - [02/Jun/2019:18:40:53 +0200] "GET /albums/19/songs HTTP/1.1" 200 1859
0:0:0:0:0:0:0:1 - - [02/Jun/2019:18:40:54 +0200] "GET /albums/19/songs/new? HTTP/1.1" 200 2122
0:0:0:0:0:0:0:1 - - [02/Jun/2019:18:40:58 +0200] "POST /albums/19/songs/new? HTTP/1.1" 500 14913
0:0:0:0:0:0:0:1 - - [02/Jun/2019:19:32:58 +0200] "GET /albums/ HTTP/1.1" 200 1740
0:0:0:0:0:0:0:1 - - [02/Jun/2019:19:33:01 +0200] "GET /albums/new? HTTP/1.1" 200 1658
0:0:0:0:0:0:0:1 - - [02/Jun/2019:19:33:03 +0200] "POST /albums/new? HTTP/1.1" 302 -
0:0:0:0:0:0:0:1 - - [02/Jun/2019:19:33:03 +0200] "GET /albums HTTP/1.1" 200 1900
0:0:0:0:0:0:0:1 - - [02/Jun/2019:19:33:06 +0200] "GET /albums/18/songs HTTP/1.1" 200 1374
0:0:0:0:0:0:0:1 - - [02/Jun/2019:19:33:07 +0200] "GET /albums/18/songs/new? HTTP/1.1" 200 2122
0:0:0:0:0:0:0:1 - - [02/Jun/2019:19:33:10 +0200] "POST /albums/18/songs/new? HTTP/1.1" 302 -
0:0:0:0:0:0:0:1 - - [02/Jun/2019:19:33:10 +0200] "GET /albums/18/songs HTTP/1.1" 200 1848
0:0:0:0:0:0:0:1 - - [02/Jun/2019:19:33:11 +0200] "GET /albums/18/songs/new? HTTP/1.1" 200 2122
0:0:0:0:0:0:0:1 - - [02/Jun/2019:19:33:14 +0200] "POST /albums/18/songs/new? HTTP/1.1" 302 -
0:0:0:0:0:0:0:1 - - [02/Jun/2019:19:33:14 +0200] "GET /albums/18/songs HTTP/1.1" 200 2336
0:0:0:0:0:0:0:1 - - [02/Jun/2019:19:33:18 +0200] "GET /albums/18/songs/new? HTTP/1.1" 200 2122
0:0:0:0:0:0:0:1 - - [02/Jun/2019:19:33:21 +0200] "POST /albums/18/songs/new? HTTP/1.1" 302 -
0:0:0:0:0:0:0:1 - - [02/Jun/2019:19:33:21 +0200] "GET /albums/18/songs HTTP/1.1" 200 2835
0:0:0:0:0:0:0:1 - - [02/Jun/2019:19:33:23 +0200] "GET /genres HTTP/1.1" 200 1634
0:0:0:0:0:0:0:1 - - [02/Jun/2019:19:33:26 +0200] "GET /albums HTTP/1.1" 200 1900
0:0:0:0:0:0:0:1 - - [02/Jun/2019:19:33:28 +0200] "GET /albums/18/songs HTTP/1.1" 200 2835
0:0:0:0:0:0:0:1 - - [02/Jun/2019:19:33:30 +0200] "GET /albums/18/songs/21/update HTTP/1.1" 200 2145
0:0:0:0:0:0:0:1 - - [02/Jun/2019:19:33:33 +0200] "POST /albums/18/songs/21/update HTTP/1.1" 500 16709
0:0:0:0:0:0:0:1 - - [02/Jun/2019:19:34:46 +0200] "GET /genres HTTP/1.1" 200 1634
0:0:0:0:0:0:0:1 - - [02/Jun/2019:19:34:51 +0200] "GET /albums HTTP/1.1" 200 1900
0:0:0:0:0:0:0:1 - - [02/Jun/2019:19:34:53 +0200] "GET /albums/6/songs HTTP/1.1" 200 1849
0:0:0:0:0:0:0:1 - - [02/Jun/2019:19:34:54 +0200] "GET /albums/6/songs/new? HTTP/1.1" 200 2122
0:0:0:0:0:0:0:1 - - [02/Jun/2019:19:34:58 +0200] "POST /albums/6/songs/new? HTTP/1.1" 302 -
0:0:0:0:0:0:0:1 - - [02/Jun/2019:19:34:58 +0200] "GET /albums/6/songs HTTP/1.1" 200 2349
0:0:0:0:0:0:0:1 - - [02/Jun/2019:19:35:01 +0200] "GET /albums/6/songs/new? HTTP/1.1" 200 2122
0:0:0:0:0:0:0:1 - - [02/Jun/2019:19:35:06 +0200] "POST /albums/6/songs/new? HTTP/1.1" 302 -
0:0:0:0:0:0:0:1 - - [02/Jun/2019:19:35:06 +0200] "GET /albums/6/songs HTTP/1.1" 200 2836
0:0:0:0:0:0:0:1 - - [02/Jun/2019:19:35:08 +0200] "GET /albums/6/songs/23/remove HTTP/1.1" 200 2154
0:0:0:0:0:0:0:1 - - [02/Jun/2019:19:35:10 +0200] "POST /albums/6/songs/23/remove HTTP/1.1" 302 -
0:0:0:0:0:0:0:1 - - [02/Jun/2019:19:35:10 +0200] "GET /albums/6/songs HTTP/1.1" 200 2349
0:0:0:0:0:0:0:1 - - [02/Jun/2019:19:35:12 +0200] "GET /albums/6/songs/22/remove HTTP/1.1" 200 2167
0:0:0:0:0:0:0:1 - - [02/Jun/2019:19:35:13 +0200] "POST /albums/6/songs/22/remove HTTP/1.1" 302 -
0:0:0:0:0:0:0:1 - - [02/Jun/2019:19:35:13 +0200] "GET /albums/6/songs HTTP/1.1" 200 1849
0:0:0:0:0:0:0:1 - - [02/Jun/2019:19:35:14 +0200] "GET /albums/6/songs/5/remove HTTP/1.1" 200 2158
0:0:0:0:0:0:0:1 - - [02/Jun/2019:19:35:15 +0200] "POST /albums/6/songs/5/remove HTTP/1.1" 302 -
0:0:0:0:0:0:0:1 - - [02/Jun/2019:19:35:15 +0200] "GET /albums/6/songs HTTP/1.1" 200 1373
0:0:0:0:0:0:0:1 - - [02/Jun/2019:19:36:27 +0200] "GET /songs HTTP/1.1" 200 2512
0:0:0:0:0:0:0:1 - - [02/Jun/2019:19:36:27 +0200] "GET /albums HTTP/1.1" 200 1900
0:0:0:0:0:0:0:1 - - [02/Jun/2019:19:36:28 +0200] "GET /songs HTTP/1.1" 200 2512
0:0:0:0:0:0:0:1 - - [02/Jun/2019:19:41:11 +0200] "GET /albums HTTP/1.1" 200 1900
0:0:0:0:0:0:0:1 - - [02/Jun/2019:19:41:14 +0200] "GET /albums/4/songs HTTP/1.1" 200 1849
0:0:0:0:0:0:0:1 - - [02/Jun/2019:19:41:15 +0200] "GET /albums/4/songs/3/update HTTP/1.1" 200 2139
0:0:0:0:0:0:0:1 - - [02/Jun/2019:19:41:18 +0200] "POST /albums/4/songs/3/update HTTP/1.1" 500 16568
0:0:0:0:0:0:0:1 - - [02/Jun/2019:19:48:08 +0200] "GET /genres HTTP/1.1" 200 1634
0:0:0:0:0:0:0:1 - - [02/Jun/2019:19:59:28 +0200] "GET /songs HTTP/1.1" 200 1671
0:0:0:0:0:0:0:1 - - [02/Jun/2019:19:59:29 +0200] "GET /genres HTTP/1.1" 200 1533
0:0:0:0:0:0:0:1 - - [02/Jun/2019:19:59:31 +0200] "GET /albums HTTP/1.1" 200 1740
0:0:0:0:0:0:0:1 - - [02/Jun/2019:19:59:33 +0200] "GET /albums/5/songs HTTP/1.1" 200 1849
0:0:0:0:0:0:0:1 - - [02/Jun/2019:19:59:36 +0200] "GET /albums/5/songs/4/update HTTP/1.1" 500 11394
0:0:0:0:0:0:0:1 - - [02/Jun/2019:20:01:53 +0200] "GET /albums/ HTTP/1.1" 200 1740
0:0:0:0:0:0:0:1 - - [02/Jun/2019:20:01:55 +0200] "GET /albums/4/songs HTTP/1.1" 200 1849
0:0:0:0:0:0:0:1 - - [02/Jun/2019:20:01:56 +0200] "GET /albums/4/songs/3/update HTTP/1.1" 500 8976
0:0:0:0:0:0:0:1 - - [02/Jun/2019:20:05:38 +0200] "GET /albums/4/songs HTTP/1.1" 200 1849
0:0:0:0:0:0:0:1 - - [02/Jun/2019:20:05:38 +0200] "GET /favicon.ico HTTP/1.1" 200 67646
0:0:0:0:0:0:0:1 - - [02/Jun/2019:20:05:40 +0200] "GET /albums/4/songs/3/update HTTP/1.1" 500 11394
0:0:0:0:0:0:0:1 - - [02/Jun/2019:20:06:14 +0200] "GET /albums/4/songs/3/update HTTP/1.1" 500 6889
0:0:0:0:0:0:0:1 - - [02/Jun/2019:20:06:14 +0200] "GET /favicon.ico HTTP/1.1" 200 67646
0:0:0:0:0:0:0:1 - - [02/Jun/2019:20:06:15 +0200] "GET /albums/4/songs/3/update HTTP/1.1" 500 6889
0:0:0:0:0:0:0:1 - - [02/Jun/2019:20:06:15 +0200] "GET /favicon.ico HTTP/1.1" 200 67646
0:0:0:0:0:0:0:1 - - [02/Jun/2019:20:06:27 +0200] "GET /albums/4/songs HTTP/1.1" 500 6884
0:0:0:0:0:0:0:1 - - [02/Jun/2019:20:06:27 +0200] "GET /favicon.ico HTTP/1.1" 200 67646
0:0:0:0:0:0:0:1 - - [02/Jun/2019:20:06:30 +0200] "GET /albums/4/songs HTTP/1.1" 500 6884
0:0:0:0:0:0:0:1 - - [02/Jun/2019:20:06:35 +0200] "GET /songs HTTP/1.1" 200 1671
0:0:0:0:0:0:0:1 - - [02/Jun/2019:20:06:36 +0200] "GET /albums HTTP/1.1" 200 1740
0:0:0:0:0:0:0:1 - - [02/Jun/2019:20:06:38 +0200] "GET /albums/6/songs HTTP/1.1" 200 1849
0:0:0:0:0:0:0:1 - - [02/Jun/2019:20:06:40 +0200] "GET /albums/6/songs/5/update HTTP/1.1" 500 11394
0:0:0:0:0:0:0:1 - - [02/Jun/2019:20:10:40 +0200] "GET /albums/ HTTP/1.1" 200 1740
0:0:0:0:0:0:0:1 - - [02/Jun/2019:20:10:41 +0200] "GET /albums/3/songs HTTP/1.1" 200 1849
0:0:0:0:0:0:0:1 - - [02/Jun/2019:20:10:43 +0200] "GET /albums/3/songs/2/update HTTP/1.1" 500 10392
0:0:0:0:0:0:0:1 - - [02/Jun/2019:20:12:01 +0200] "GET /albums HTTP/1.1" 200 1740
0:0:0:0:0:0:0:1 - - [02/Jun/2019:20:12:03 +0200] "GET /albums/1/songs HTTP/1.1" 200 2828
0:0:0:0:0:0:0:1 - - [02/Jun/2019:20:12:04 +0200] "GET /albums/1/songs/4/update HTTP/1.1" 200 2840
0:0:0:0:0:0:0:1 - - [02/Jun/2019:20:12:13 +0200] "POST /albums/1/songs/4/update HTTP/1.1" 500 16880
0:0:0:0:0:0:0:1 - - [02/Jun/2019:20:13:12 +0200] "GET /albums/ HTTP/1.1" 200 1740
0:0:0:0:0:0:0:1 - - [02/Jun/2019:20:13:14 +0200] "GET /albums/1/songs HTTP/1.1" 200 2828
0:0:0:0:0:0:0:1 - - [02/Jun/2019:20:13:16 +0200] "GET /albums/1/songs/5/update HTTP/1.1" 200 2936
0:0:0:0:0:0:0:1 - - [02/Jun/2019:20:14:14 +0200] "GET /albums/1/songs/5/update HTTP/1.1" 200 2924
0:0:0:0:0:0:0:1 - - [02/Jun/2019:20:14:14 +0200] "GET /favicon.ico HTTP/1.1" 200 67646
0:0:0:0:0:0:0:1 - - [02/Jun/2019:20:15:05 +0200] "GET /albums/1/songs/5/update HTTP/1.1" 200 2927
0:0:0:0:0:0:0:1 - - [02/Jun/2019:20:15:05 +0200] "GET /favicon.ico HTTP/1.1" 200 67646
0:0:0:0:0:0:0:1 - - [02/Jun/2019:20:15:09 +0200] "GET /albums/1/songs/5/update HTTP/1.1" 200 2927
0:0:0:0:0:0:0:1 - - [02/Jun/2019:20:15:09 +0200] "GET /favicon.ico HTTP/1.1" 200 67646
0:0:0:0:0:0:0:1 - - [02/Jun/2019:20:15:26 +0200] "POST /albums/1/songs/5/update HTTP/1.1" 500 16890
0:0:0:0:0:0:0:1 - - [02/Jun/2019:20:16:21 +0200] "GET /albums/1/songs/5/update HTTP/1.1" 500 6889
0:0:0:0:0:0:0:1 - - [02/Jun/2019:20:16:21 +0200] "GET /favicon.ico HTTP/1.1" 200 67646
0:0:0:0:0:0:0:1 - - [02/Jun/2019:20:16:22 +0200] "GET /albums/1/songs/5/update HTTP/1.1" 500 6889
0:0:0:0:0:0:0:1 - - [02/Jun/2019:20:16:23 +0200] "GET /favicon.ico HTTP/1.1" 200 67646
0:0:0:0:0:0:0:1 - - [02/Jun/2019:20:16:42 +0200] "GET /albums/1/songs/5/update HTTP/1.1" 500 6888
0:0:0:0:0:0:0:1 - - [02/Jun/2019:20:16:42 +0200] "GET /favicon.ico HTTP/1.1" 200 67646
0:0:0:0:0:0:0:1 - - [02/Jun/2019:20:16:45 +0200] "GET /albums/1/songs/5/update HTTP/1.1" 500 6888
0:0:0:0:0:0:0:1 - - [02/Jun/2019:20:16:45 +0200] "GET /favicon.ico HTTP/1.1" 200 67646
0:0:0:0:0:0:0:1 - - [02/Jun/2019:20:18:03 +0200] "GET /albums/1/songs/5/update HTTP/1.1" 500 6889
0:0:0:0:0:0:0:1 - - [02/Jun/2019:20:18:03 +0200] "GET /favicon.ico HTTP/1.1" 200 67646
0:0:0:0:0:0:0:1 - - [02/Jun/2019:20:18:06 +0200] "GET /albums/1/songs HTTP/1.1" 200 2828
0:0:0:0:0:0:0:1 - - [02/Jun/2019:20:18:08 +0200] "GET /albums/1/songs/2/update HTTP/1.1" 500 11382
0:0:0:0:0:0:0:1 - - [02/Jun/2019:20:18:10 +0200] "GET /albums/1/songs/new? HTTP/1.1" 200 2762
0:0:0:0:0:0:0:1 - - [02/Jun/2019:20:18:15 +0200] "GET /albums/1/songs/4/update HTTP/1.1" 500 11382
0:0:0:0:0:0:0:1 - - [02/Jun/2019:20:19:48 +0200] "GET /albums/1/songs HTTP/1.1" 200 2828
0:0:0:0:0:0:0:1 - - [02/Jun/2019:20:19:51 +0200] "GET /albums/1/songs/5/remove HTTP/1.1" 200 2158
0:0:0:0:0:0:0:1 - - [02/Jun/2019:20:19:52 +0200] "POST /albums/1/songs/5/remove HTTP/1.1" 302 -
0:0:0:0:0:0:0:1 - - [02/Jun/2019:20:19:52 +0200] "GET /albums/1/songs HTTP/1.1" 200 2338
0:0:0:0:0:0:0:1 - - [02/Jun/2019:20:19:54 +0200] "GET /albums/1/songs/3/update HTTP/1.1" 200 2748
0:0:0:0:0:0:0:1 - - [02/Jun/2019:20:20:01 +0200] "GET /albums/1/songs/new? HTTP/1.1" 200 2550
0:0:0:0:0:0:0:1 - - [02/Jun/2019:20:20:11 +0200] "POST /albums/1/songs/new? HTTP/1.1" 302 -
0:0:0:0:0:0:0:1 - - [02/Jun/2019:20:20:11 +0200] "GET /albums/1/songs HTTP/1.1" 200 2832
0:0:0:0:0:0:0:1 - - [02/Jun/2019:20:20:13 +0200] "GET /albums/1/songs/18/update HTTP/1.1" 200 2814
0:0:0:0:0:0:0:1 - - [02/Jun/2019:20:20:16 +0200] "POST /albums/1/songs/18/update HTTP/1.1" 500 16895
0:0:0:0:0:0:0:1 - - [02/Jun/2019:20:22:21 +0200] "GET /albums/1/songs HTTP/1.1" 200 2828
0:0:0:0:0:0:0:1 - - [02/Jun/2019:20:22:21 +0200] "GET /favicon.ico HTTP/1.1" 200 67646
0:0:0:0:0:0:0:1 - - [02/Jun/2019:20:22:23 +0200] "GET /albums/1/songs/new? HTTP/1.1" 200 2795
0:0:0:0:0:0:0:1 - - [02/Jun/2019:20:22:29 +0200] "POST /albums/1/songs/new? HTTP/1.1" 500 18934
0:0:0:0:0:0:0:1 - - [02/Jun/2019:20:31:20 +0200] "GET /albums/ HTTP/1.1" 200 1740
0:0:0:0:0:0:0:1 - - [02/Jun/2019:20:31:22 +0200] "GET /albums/4/songs HTTP/1.1" 200 1849
0:0:0:0:0:0:0:1 - - [02/Jun/2019:20:31:23 +0200] "GET /albums/4/songs/2/update HTTP/1.1" 200 2713
0:0:0:0:0:0:0:1 - - [02/Jun/2019:20:31:34 +0200] "POST /albums/4/songs/2/update HTTP/1.1" 500 17365
0:0:0:0:0:0:0:1 - - [02/Jun/2019:20:36:51 +0200] "GET /albums/ HTTP/1.1" 200 1740
0:0:0:0:0:0:0:1 - - [02/Jun/2019:20:36:53 +0200] "GET /genres HTTP/1.1" 200 1533
0:0:0:0:0:0:0:1 - - [02/Jun/2019:20:37:02 +0200] "GET /albums HTTP/1.1" 200 1740
0:0:0:0:0:0:0:1 - - [02/Jun/2019:20:37:10 +0200] "GET /albums/4/songs HTTP/1.1" 200 1849
0:0:0:0:0:0:0:1 - - [02/Jun/2019:20:37:15 +0200] "GET /albums/4/songs/2/update HTTP/1.1" 200 2713
0:0:0:0:0:0:0:1 - - [02/Jun/2019:20:37:39 +0200] "POST /albums/4/songs/2/update HTTP/1.1" 500 17365
0:0:0:0:0:0:0:1 - - [02/Jun/2019:20:44:08 +0200] "GET /css/bootstrap.min.css.map HTTP/1.1" 404 157
0:0:0:0:0:0:0:1 - - [02/Jun/2019:20:47:59 +0200] "GET /albums/4/songs/ HTTP/1.1" 200 1849
0:0:0:0:0:0:0:1 - - [02/Jun/2019:20:47:59 +0200] "GET /css/main.css HTTP/1.1" 200 88
0:0:0:0:0:0:0:1 - - [02/Jun/2019:20:48:00 +0200] "GET /css/bootstrap.min.css HTTP/1.1" 200 121200
0:0:0:0:0:0:0:1 - - [02/Jun/2019:20:48:00 +0200] "GET /css/bootstrap.min.css.map HTTP/1.1" 404 157
0:0:0:0:0:0:0:1 - - [02/Jun/2019:20:48:02 +0200] "GET /albums/4/songs/2/update HTTP/1.1" 200 2713
0:0:0:0:0:0:0:1 - - [02/Jun/2019:20:48:02 +0200] "GET /css/main.css HTTP/1.1" 200 88
0:0:0:0:0:0:0:1 - - [02/Jun/2019:20:48:02 +0200] "GET /css/bootstrap.min.css HTTP/1.1" 200 121200
0:0:0:0:0:0:0:1 - - [02/Jun/2019:20:48:02 +0200] "GET /css/bootstrap.min.css.map HTTP/1.1" 404 157
0:0:0:0:0:0:0:1 - - [02/Jun/2019:20:48:05 +0200] "POST /albums/4/songs/2/update HTTP/1.1" 500 17385
127.0.0.1 - - [02/Jun/2019:20:50:26 +0200] "GET /albums/ HTTP/1.1" 200 1740
0:0:0:0:0:0:0:1 - - [02/Jun/2019:20:50:26 +0200] "GET /css/main.css HTTP/1.1" 200 88
127.0.0.1 - - [02/Jun/2019:20:50:26 +0200] "GET /css/bootstrap.min.css HTTP/1.1" 200 121200
127.0.0.1 - - [02/Jun/2019:20:50:27 +0200] "GET /css/bootstrap.min.css.map HTTP/1.1" 404 157
127.0.0.1 - - [02/Jun/2019:20:50:28 +0200] "GET /albums/1/songs HTTP/1.1" 200 2828
0:0:0:0:0:0:0:1 - - [02/Jun/2019:20:50:28 +0200] "GET /css/main.css HTTP/1.1" 200 88
127.0.0.1 - - [02/Jun/2019:20:50:28 +0200] "GET /css/bootstrap.min.css HTTP/1.1" 200 121200
127.0.0.1 - - [02/Jun/2019:20:50:28 +0200] "GET /css/bootstrap.min.css.map HTTP/1.1" 404 157
127.0.0.1 - - [02/Jun/2019:20:50:29 +0200] "GET /albums/1/songs/2/update HTTP/1.1" 200 2747
0:0:0:0:0:0:0:1 - - [02/Jun/2019:20:50:29 +0200] "GET /css/main.css HTTP/1.1" 200 88
127.0.0.1 - - [02/Jun/2019:20:50:29 +0200] "GET /css/bootstrap.min.css HTTP/1.1" 200 121200
127.0.0.1 - - [02/Jun/2019:20:50:30 +0200] "GET /css/bootstrap.min.css.map HTTP/1.1" 404 157
127.0.0.1 - - [02/Jun/2019:20:50:33 +0200] "POST /albums/1/songs/2/update HTTP/1.1" 500 10365
0:0:0:0:0:0:0:1 - - [02/Jun/2019:20:53:16 +0200] "GET /albums HTTP/1.1" 200 1740
0:0:0:0:0:0:0:1 - - [02/Jun/2019:20:53:16 +0200] "GET /css/main.css HTTP/1.1" 200 88
0:0:0:0:0:0:0:1 - - [02/Jun/2019:20:53:16 +0200] "GET /css/bootstrap.min.css HTTP/1.1" 200 121200
0:0:0:0:0:0:0:1 - - [02/Jun/2019:20:53:17 +0200] "GET /css/bootstrap.min.css.map HTTP/1.1" 404 157
0:0:0:0:0:0:0:1 - - [02/Jun/2019:20:53:18 +0200] "GET /albums/1/songs HTTP/1.1" 200 2828
0:0:0:0:0:0:0:1 - - [02/Jun/2019:20:53:18 +0200] "GET /css/bootstrap.min.css HTTP/1.1" 200 121200
0:0:0:0:0:0:0:1 - - [02/Jun/2019:20:53:18 +0200] "GET /css/main.css HTTP/1.1" 200 88
0:0:0:0:0:0:0:1 - - [02/Jun/2019:20:53:19 +0200] "GET /css/bootstrap.min.css.map HTTP/1.1" 404 157
0:0:0:0:0:0:0:1 - - [02/Jun/2019:20:53:20 +0200] "GET /albums/1/songs/8/update HTTP/1.1" 200 2747
0:0:0:0:0:0:0:1 - - [02/Jun/2019:20:53:20 +0200] "GET /css/main.css HTTP/1.1" 200 88
0:0:0:0:0:0:0:1 - - [02/Jun/2019:20:53:20 +0200] "GET /css/bootstrap.min.css HTTP/1.1" 200 121200
0:0:0:0:0:0:0:1 - - [02/Jun/2019:20:53:20 +0200] "GET /css/bootstrap.min.css.map HTTP/1.1" 404 157
0:0:0:0:0:0:0:1 - - [02/Jun/2019:20:53:23 +0200] "POST /albums/1/songs/8/update HTTP/1.1" 500 19431
0:0:0:0:0:0:0:1 - - [02/Jun/2019:21:02:31 +0200] "GET /albums/1/songs/8/update HTTP/1.1" 200 2747
0:0:0:0:0:0:0:1 - - [02/Jun/2019:21:02:31 +0200] "GET /css/main.css HTTP/1.1" 200 88
0:0:0:0:0:0:0:1 - - [02/Jun/2019:21:02:31 +0200] "GET /css/bootstrap.min.css HTTP/1.1" 200 121200
0:0:0:0:0:0:0:1 - - [02/Jun/2019:21:02:31 +0200] "GET /css/bootstrap.min.css.map HTTP/1.1" 404 157
127.0.0.1 - - [02/Jun/2019:21:04:31 +0200] "GET /albums/ HTTP/1.1" 200 1740
127.0.0.1 - - [02/Jun/2019:21:04:32 +0200] "GET /css/main.css HTTP/1.1" 200 88
127.0.0.1 - - [02/Jun/2019:21:04:32 +0200] "GET /css/bootstrap.min.css HTTP/1.1" 200 121200
127.0.0.1 - - [02/Jun/2019:21:04:32 +0200] "GET /favicon.ico HTTP/1.1" 200 67646
127.0.0.1 - - [02/Jun/2019:21:04:34 +0200] "GET /albums/7/songs HTTP/1.1" 200 1849
127.0.0.1 - - [02/Jun/2019:21:04:36 +0200] "GET /albums/7/songs/5/update HTTP/1.1" 200 2748
127.0.0.1 - - [02/Jun/2019:21:04:46 +0200] "POST /albums/7/songs/5/update HTTP/1.1" 500 17117
127.0.0.1 - - [02/Jun/2019:21:05:27 +0200] "POST /albums/7/songs/5/update HTTP/1.1" 500 17117
127.0.0.1 - - [02/Jun/2019:21:05:31 +0200] "GET /albums HTTP/1.1" 200 1740
127.0.0.1 - - [02/Jun/2019:21:05:41 +0200] "GET /albums/1/songs HTTP/1.1" 200 2828
127.0.0.1 - - [02/Jun/2019:21:05:43 +0200] "GET /albums/1/songs/8/remove HTTP/1.1" 200 2157
127.0.0.1 - - [02/Jun/2019:21:05:44 +0200] "POST /albums/1/songs/8/remove HTTP/1.1" 302 -
127.0.0.1 - - [02/Jun/2019:21:05:44 +0200] "GET /albums/1/songs HTTP/1.1" 200 2339
127.0.0.1 - - [02/Jun/2019:21:05:48 +0200] "GET /albums/1/songs/new HTTP/1.1" 200 2795
127.0.0.1 - - [02/Jun/2019:21:05:54 +0200] "POST /albums/1/songs/new HTTP/1.1" 500 19382
127.0.0.1 - - [02/Jun/2019:21:06:09 +0200] "POST /albums/1/songs/new HTTP/1.1" 500 17048
0:0:0:0:0:0:0:1 - - [02/Jun/2019:21:07:07 +0200] "GET /albums/ HTTP/1.1" 200 1740
0:0:0:0:0:0:0:1 - - [02/Jun/2019:21:07:07 +0200] "GET /css/main.css HTTP/1.1" 304 -
0:0:0:0:0:0:0:1 - - [02/Jun/2019:21:07:07 +0200] "GET /css/bootstrap.min.css HTTP/1.1" 304 -
0:0:0:0:0:0:0:1 - - [02/Jun/2019:21:07:09 +0200] "GET /albums/4/songs HTTP/1.1" 200 1849
0:0:0:0:0:0:0:1 - - [02/Jun/2019:21:07:10 +0200] "GET /albums/4/songs/new HTTP/1.1" 200 2795
0:0:0:0:0:0:0:1 - - [02/Jun/2019:21:07:14 +0200] "POST /albums/4/songs/new HTTP/1.1" 500 10360
0:0:0:0:0:0:0:1 - - [02/Jun/2019:21:07:18 +0200] "GET /albums/4/songs/2/update HTTP/1.1" 200 2814
0:0:0:0:0:0:0:1 - - [02/Jun/2019:21:07:21 +0200] "GET /albums/4/songs/2/remove HTTP/1.1" 200 2158
0:0:0:0:0:0:0:1 - - [02/Jun/2019:21:07:22 +0200] "POST /albums/4/songs/2/remove HTTP/1.1" 302 -
0:0:0:0:0:0:0:1 - - [02/Jun/2019:21:07:22 +0200] "GET /albums/4/songs HTTP/1.1" 200 1837
0:0:0:0:0:0:0:1 - - [02/Jun/2019:21:07:27 +0200] "GET /albums/4/songs/21/remove HTTP/1.1" 200 2145
0:0:0:0:0:0:0:1 - - [02/Jun/2019:21:07:29 +0200] "POST /albums/4/songs/21/remove HTTP/1.1" 302 -
0:0:0:0:0:0:0:1 - - [02/Jun/2019:21:07:29 +0200] "GET /albums/4/songs HTTP/1.1" 200 1373
0:0:0:0:0:0:0:1 - - [02/Jun/2019:21:07:31 +0200] "GET /albums/4/songs/new HTTP/1.1" 200 2881
0:0:0:0:0:0:0:1 - - [02/Jun/2019:21:07:35 +0200] "POST /albums/4/songs/new HTTP/1.1" 500 10360
