0:0:0:0:0:0:0:1 - - [03/Jun/2019:06:38:13 +0200] "GET /albums/1/songs/8/update HTTP/1.1" 500 6889
0:0:0:0:0:0:0:1 - - [03/Jun/2019:06:38:13 +0200] "GET /favicon.ico HTTP/1.1" 200 67646
0:0:0:0:0:0:0:1 - - [03/Jun/2019:06:38:25 +0200] "GET /albums/ HTTP/1.1" 200 1740
0:0:0:0:0:0:0:1 - - [03/Jun/2019:06:38:26 +0200] "GET /css/bootstrap.min.css HTTP/1.1" 304 -
0:0:0:0:0:0:0:1 - - [03/Jun/2019:06:38:26 +0200] "GET /css/main.css HTTP/1.1" 304 -
0:0:0:0:0:0:0:1 - - [03/Jun/2019:06:38:37 +0200] "GET /albums/1/songs HTTP/1.1" 200 2828
0:0:0:0:0:0:0:1 - - [03/Jun/2019:06:38:39 +0200] "GET /albums/1/songs/5/update HTTP/1.1" 200 2747
0:0:0:0:0:0:0:1 - - [03/Jun/2019:06:38:45 +0200] "POST /albums/1/songs/5/update HTTP/1.1" 500 19514
0:0:0:0:0:0:0:1 - - [03/Jun/2019:06:45:02 +0200] "GET /genres HTTP/1.1" 200 1533
0:0:0:0:0:0:0:1 - - [03/Jun/2019:06:45:05 +0200] "GET /albums HTTP/1.1" 200 1740
0:0:0:0:0:0:0:1 - - [03/Jun/2019:06:45:06 +0200] "GET /songs HTTP/1.1" 200 1671
0:0:0:0:0:0:0:1 - - [03/Jun/2019:06:45:07 +0200] "GET /albums HTTP/1.1" 200 1740
0:0:0:0:0:0:0:1 - - [03/Jun/2019:06:45:09 +0200] "GET /songs HTTP/1.1" 200 1671
0:0:0:0:0:0:0:1 - - [03/Jun/2019:06:45:13 +0200] "GET /albums HTTP/1.1" 200 1740
0:0:0:0:0:0:0:1 - - [03/Jun/2019:06:45:15 +0200] "GET /albums/9/songs HTTP/1.1" 200 1849
0:0:0:0:0:0:0:1 - - [03/Jun/2019:06:45:16 +0200] "GET /albums/9/songs/7/update HTTP/1.1" 200 2748
0:0:0:0:0:0:0:1 - - [03/Jun/2019:06:45:17 +0200] "POST /albums/9/songs/7/update HTTP/1.1" 500 17165
0:0:0:0:0:0:0:1 - - [03/Jun/2019:06:51:27 +0200] "GET /albums/9/songs HTTP/1.1" 200 1849
0:0:0:0:0:0:0:1 - - [03/Jun/2019:06:51:27 +0200] "GET /favicon.ico HTTP/1.1" 200 67646
0:0:0:0:0:0:0:1 - - [03/Jun/2019:06:51:30 +0200] "GET /albums/9/songs HTTP/1.1" 200 1849
0:0:0:0:0:0:0:1 - - [03/Jun/2019:06:51:30 +0200] "GET /favicon.ico HTTP/1.1" 200 67646
0:0:0:0:0:0:0:1 - - [03/Jun/2019:06:51:32 +0200] "GET /albums/9/songs/7/update HTTP/1.1" 200 2748
0:0:0:0:0:0:0:1 - - [03/Jun/2019:06:51:36 +0200] "POST /albums/9/songs/7/update HTTP/1.1" 500 17092
0:0:0:0:0:0:0:1 - - [03/Jun/2019:06:55:24 +0200] "GET /genres HTTP/1.1" 200 1533
0:0:0:0:0:0:0:1 - - [03/Jun/2019:06:55:26 +0200] "GET /songs HTTP/1.1" 200 1671
0:0:0:0:0:0:0:1 - - [03/Jun/2019:06:55:33 +0200] "GET /albums HTTP/1.1" 200 1740
0:0:0:0:0:0:0:1 - - [03/Jun/2019:06:55:34 +0200] "GET /albums/new? HTTP/1.1" 200 1658
0:0:0:0:0:0:0:1 - - [03/Jun/2019:06:55:38 +0200] "POST /albums/new? HTTP/1.1" 302 -
0:0:0:0:0:0:0:1 - - [03/Jun/2019:06:55:38 +0200] "GET /albums HTTP/1.1" 200 1901
0:0:0:0:0:0:0:1 - - [03/Jun/2019:06:55:39 +0200] "GET /albums/21/songs HTTP/1.1" 200 1375
0:0:0:0:0:0:0:1 - - [03/Jun/2019:06:55:40 +0200] "GET /albums/21/songs/new? HTTP/1.1" 200 2795
0:0:0:0:0:0:0:1 - - [03/Jun/2019:06:55:43 +0200] "POST /albums/21/songs/new? HTTP/1.1" 500 17043
0:0:0:0:0:0:0:1 - - [03/Jun/2019:06:55:56 +0200] "POST /albums/21/songs/new? HTTP/1.1" 302 -
0:0:0:0:0:0:0:1 - - [03/Jun/2019:06:55:56 +0200] "GET /albums/21/songs HTTP/1.1" 200 1853
0:0:0:0:0:0:0:1 - - [03/Jun/2019:06:55:59 +0200] "GET /albums/21/songs/22/update HTTP/1.1" 200 2813
0:0:0:0:0:0:0:1 - - [03/Jun/2019:06:56:02 +0200] "POST /albums/21/songs/22/update HTTP/1.1" 302 -
0:0:0:0:0:0:0:1 - - [03/Jun/2019:06:56:02 +0200] "GET /albums/21/songs HTTP/1.1" 200 1856
0:0:0:0:0:0:0:1 - - [03/Jun/2019:06:56:06 +0200] "GET /albums/21/songs/22/update HTTP/1.1" 200 2813
0:0:0:0:0:0:0:1 - - [03/Jun/2019:06:56:10 +0200] "POST /albums/21/songs/22/update HTTP/1.1" 302 -
0:0:0:0:0:0:0:1 - - [03/Jun/2019:06:56:10 +0200] "GET /albums/21/songs HTTP/1.1" 200 1859
0:0:0:0:0:0:0:1 - - [03/Jun/2019:06:56:17 +0200] "GET /albums/21/songs/22/remove HTTP/1.1" 200 2163
0:0:0:0:0:0:0:1 - - [03/Jun/2019:06:56:19 +0200] "POST /albums/21/songs/22/remove HTTP/1.1" 302 -
0:0:0:0:0:0:0:1 - - [03/Jun/2019:06:56:19 +0200] "GET /albums/21/songs HTTP/1.1" 200 1375
0:0:0:0:0:0:0:1 - - [03/Jun/2019:06:56:21 +0200] "GET /albums/21/songs/new? HTTP/1.1" 200 2881
0:0:0:0:0:0:0:1 - - [03/Jun/2019:06:56:26 +0200] "POST /albums/21/songs/new? HTTP/1.1" 302 -
0:0:0:0:0:0:0:1 - - [03/Jun/2019:06:56:26 +0200] "GET /albums/21/songs HTTP/1.1" 200 1857
0:0:0:0:0:0:0:1 - - [03/Jun/2019:06:56:37 +0200] "GET /albums HTTP/1.1" 200 1901
0:0:0:0:0:0:0:1 - - [03/Jun/2019:06:56:38 +0200] "GET /albums/new? HTTP/1.1" 200 1658
0:0:0:0:0:0:0:1 - - [03/Jun/2019:06:56:42 +0200] "POST /albums/new? HTTP/1.1" 302 -
0:0:0:0:0:0:0:1 - - [03/Jun/2019:06:56:42 +0200] "GET /albums HTTP/1.1" 200 2070
0:0:0:0:0:0:0:1 - - [03/Jun/2019:06:56:45 +0200] "GET /genres HTTP/1.1" 200 1735
0:0:0:0:0:0:0:1 - - [03/Jun/2019:06:56:50 +0200] "GET /songs HTTP/1.1" 200 2015
0:0:0:0:0:0:0:1 - - [03/Jun/2019:06:56:58 +0200] "GET /genres HTTP/1.1" 200 1735
0:0:0:0:0:0:0:1 - - [03/Jun/2019:06:57:08 +0200] "GET /songs HTTP/1.1" 200 2015
0:0:0:0:0:0:0:1 - - [03/Jun/2019:06:57:11 +0200] "GET /albums HTTP/1.1" 200 2070
0:0:0:0:0:0:0:1 - - [03/Jun/2019:06:57:20 +0200] "GET /albums/6/songs HTTP/1.1" 200 1849
0:0:0:0:0:0:0:1 - - [03/Jun/2019:06:57:23 +0200] "GET /albums/6/songs/4/remove HTTP/1.1" 200 2158
0:0:0:0:0:0:0:1 - - [03/Jun/2019:06:57:24 +0200] "POST /albums/6/songs/4/remove HTTP/1.1" 302 -
0:0:0:0:0:0:0:1 - - [03/Jun/2019:06:57:24 +0200] "GET /albums/6/songs HTTP/1.1" 200 1373
0:0:0:0:0:0:0:1 - - [03/Jun/2019:06:57:26 +0200] "GET /albums/6/songs/4/remove HTTP/1.1" 200 2158
0:0:0:0:0:0:0:1 - - [03/Jun/2019:06:57:31 +0200] "GET /albums/6/songs HTTP/1.1" 200 1373
0:0:0:0:0:0:0:1 - - [03/Jun/2019:06:57:32 +0200] "GET /albums/6/songs/new? HTTP/1.1" 200 2967
0:0:0:0:0:0:0:1 - - [03/Jun/2019:06:57:39 +0200] "POST /albums/6/songs/new? HTTP/1.1" 302 -
0:0:0:0:0:0:0:1 - - [03/Jun/2019:06:57:39 +0200] "GET /albums/6/songs HTTP/1.1" 200 1852
0:0:0:0:0:0:0:1 - - [03/Jun/2019:06:57:42 +0200] "GET /albums HTTP/1.1" 200 2070
0:0:0:0:0:0:0:1 - - [03/Jun/2019:06:57:43 +0200] "GET /albums/1/songs HTTP/1.1" 200 2828
0:0:0:0:0:0:0:1 - - [03/Jun/2019:06:57:44 +0200] "GET /albums/1/songs/2/update HTTP/1.1" 200 2945
0:0:0:0:0:0:0:1 - - [03/Jun/2019:06:57:46 +0200] "POST /albums/1/songs/2/update HTTP/1.1" 500 16760
0:0:0:0:0:0:0:1 - - [03/Jun/2019:07:27:22 +0200] "GET /songs HTTP/1.1" 200 2185
0:0:0:0:0:0:0:1 - - [03/Jun/2019:07:27:24 +0200] "GET /albums HTTP/1.1" 200 2070
0:0:0:0:0:0:0:1 - - [03/Jun/2019:07:27:26 +0200] "GET /songs HTTP/1.1" 200 2185
0:0:0:0:0:0:0:1 - - [03/Jun/2019:07:27:28 +0200] "GET /albums HTTP/1.1" 200 2070
0:0:0:0:0:0:0:1 - - [03/Jun/2019:07:27:29 +0200] "GET /genres HTTP/1.1" 200 1836
0:0:0:0:0:0:0:1 - - [03/Jun/2019:07:27:31 +0200] "GET /songs HTTP/1.1" 200 2185
0:0:0:0:0:0:0:1 - - [03/Jun/2019:07:27:57 +0200] "GET /genres HTTP/1.1" 200 1836
0:0:0:0:0:0:0:1 - - [03/Jun/2019:07:27:58 +0200] "GET /albums HTTP/1.1" 200 2070
0:0:0:0:0:0:0:1 - - [03/Jun/2019:07:27:59 +0200] "GET /songs HTTP/1.1" 200 2185
0:0:0:0:0:0:0:1 - - [03/Jun/2019:07:28:15 +0200] "GET /employees HTTP/1.1" 200 1648
0:0:0:0:0:0:0:1 - - [03/Jun/2019:07:30:56 +0200] "GET /employees HTTP/1.1" 200 1648
0:0:0:0:0:0:0:1 - - [03/Jun/2019:07:34:27 +0200] "GET /songs HTTP/1.1" 200 2185
0:0:0:0:0:0:0:1 - - [03/Jun/2019:07:40:22 +0200] "GET /songs HTTP/1.1" 200 2185
0:0:0:0:0:0:0:1 - - [03/Jun/2019:07:45:28 +0200] "GET /songs HTTP/1.1" 200 1871
0:0:0:0:0:0:0:1 - - [03/Jun/2019:07:45:28 +0200] "GET /favicon.ico HTTP/1.1" 200 67646
0:0:0:0:0:0:0:1 - - [03/Jun/2019:07:45:30 +0200] "GET /songs/5/delete HTTP/1.1" 500 7099
0:0:0:0:0:0:0:1 - - [03/Jun/2019:07:53:59 +0200] "GET /albums HTTP/1.1" 200 1737
0:0:0:0:0:0:0:1 - - [03/Jun/2019:07:54:01 +0200] "GET /genres HTTP/1.1" 200 1530
0:0:0:0:0:0:0:1 - - [03/Jun/2019:07:54:02 +0200] "GET /songs HTTP/1.1" 500 9403
0:0:0:0:0:0:0:1 - - [03/Jun/2019:07:54:07 +0200] "GET /genres HTTP/1.1" 200 1530
0:0:0:0:0:0:0:1 - - [03/Jun/2019:07:54:07 +0200] "GET /favicon.ico HTTP/1.1" 200 67646
0:0:0:0:0:0:0:1 - - [03/Jun/2019:07:54:08 +0200] "GET /songs HTTP/1.1" 500 9403
0:0:0:0:0:0:0:1 - - [03/Jun/2019:07:54:56 +0200] "GET /songs HTTP/1.1" 200 2837
0:0:0:0:0:0:0:1 - - [03/Jun/2019:07:54:57 +0200] "GET /favicon.ico HTTP/1.1" 200 67646
0:0:0:0:0:0:0:1 - - [03/Jun/2019:07:55:14 +0200] "POST /songs HTTP/1.1" 200 2837
0:0:0:0:0:0:0:1 - - [03/Jun/2019:07:55:19 +0200] "POST /songs HTTP/1.1" 200 2837
0:0:0:0:0:0:0:1 - - [03/Jun/2019:07:55:19 +0200] "GET /favicon.ico HTTP/1.1" 200 67646
0:0:0:0:0:0:0:1 - - [03/Jun/2019:07:55:21 +0200] "POST /songs HTTP/1.1" 200 2837
0:0:0:0:0:0:0:1 - - [03/Jun/2019:07:55:25 +0200] "POST /songs HTTP/1.1" 200 2837
0:0:0:0:0:0:0:1 - - [03/Jun/2019:07:55:25 +0200] "GET /favicon.ico HTTP/1.1" 200 67646
0:0:0:0:0:0:0:1 - - [03/Jun/2019:07:57:00 +0200] "POST /songs HTTP/1.1" 200 2837
0:0:0:0:0:0:0:1 - - [03/Jun/2019:07:57:01 +0200] "POST /songs HTTP/1.1" 200 2837
0:0:0:0:0:0:0:1 - - [03/Jun/2019:07:58:17 +0200] "GET /songs HTTP/1.1" 200 3053
0:0:0:0:0:0:0:1 - - [03/Jun/2019:07:58:18 +0200] "GET /favicon.ico HTTP/1.1" 200 67646
0:0:0:0:0:0:0:1 - - [03/Jun/2019:07:58:20 +0200] "GET /songs/8/delete HTTP/1.1" 500 5438
0:0:0:0:0:0:0:1 - - [03/Jun/2019:07:59:54 +0200] "GET /songs HTTP/1.1" 200 3053
0:0:0:0:0:0:0:1 - - [03/Jun/2019:07:59:57 +0200] "GET /songs/5/delete HTTP/1.1" 500 7099
0:0:0:0:0:0:0:1 - - [03/Jun/2019:08:00:58 +0200] "GET /songs/ HTTP/1.1" 200 3053
0:0:0:0:0:0:0:1 - - [03/Jun/2019:08:00:58 +0200] "GET /favicon.ico HTTP/1.1" 200 67646
0:0:0:0:0:0:0:1 - - [03/Jun/2019:08:01:00 +0200] "GET /songs/8/delete HTTP/1.1" 302 -
0:0:0:0:0:0:0:1 - - [03/Jun/2019:08:01:00 +0200] "GET /allSongs HTTP/1.1" 404 307
0:0:0:0:0:0:0:1 - - [03/Jun/2019:08:01:50 +0200] "GET /songs HTTP/1.1" 200 3053
0:0:0:0:0:0:0:1 - - [03/Jun/2019:08:01:53 +0200] "GET /songs/7/delete HTTP/1.1" 500 7099
0:0:0:0:0:0:0:1 - - [03/Jun/2019:08:03:37 +0200] "GET /songs/ HTTP/1.1" 200 3053
0:0:0:0:0:0:0:1 - - [03/Jun/2019:08:03:39 +0200] "GET /songs/7/delete HTTP/1.1" 500 7099
0:0:0:0:0:0:0:1 - - [03/Jun/2019:08:04:49 +0200] "GET /songs HTTP/1.1" 200 3053
0:0:0:0:0:0:0:1 - - [03/Jun/2019:08:04:51 +0200] "GET /songs/2/delete HTTP/1.1" 200 1198
0:0:0:0:0:0:0:1 - - [03/Jun/2019:08:04:58 +0200] "GET /songs/ HTTP/1.1" 200 1198
0:0:0:0:0:0:0:1 - - [03/Jun/2019:08:05:01 +0200] "GET /albums HTTP/1.1" 200 1274
0:0:0:0:0:0:0:1 - - [03/Jun/2019:08:05:02 +0200] "GET /genres HTTP/1.1" 200 1334
0:0:0:0:0:0:0:1 - - [03/Jun/2019:08:05:06 +0200] "GET /albums HTTP/1.1" 200 1274
0:0:0:0:0:0:0:1 - - [03/Jun/2019:08:05:06 +0200] "GET /songs HTTP/1.1" 200 1198
0:0:0:0:0:0:0:1 - - [03/Jun/2019:08:05:07 +0200] "GET /albums HTTP/1.1" 200 1274
0:0:0:0:0:0:0:1 - - [03/Jun/2019:08:05:08 +0200] "GET /genres HTTP/1.1" 200 1334
0:0:0:0:0:0:0:1 - - [03/Jun/2019:08:05:09 +0200] "GET /albums HTTP/1.1" 200 1274
0:0:0:0:0:0:0:1 - - [03/Jun/2019:08:05:10 +0200] "GET /songs HTTP/1.1" 200 1198
0:0:0:0:0:0:0:1 - - [03/Jun/2019:08:05:11 +0200] "GET /albums HTTP/1.1" 200 1274
0:0:0:0:0:0:0:1 - - [03/Jun/2019:08:05:11 +0200] "GET /genres HTTP/1.1" 200 1334
0:0:0:0:0:0:0:1 - - [03/Jun/2019:08:05:12 +0200] "GET /albums HTTP/1.1" 200 1274
0:0:0:0:0:0:0:1 - - [03/Jun/2019:08:05:13 +0200] "GET /songs HTTP/1.1" 200 1198
0:0:0:0:0:0:0:1 - - [03/Jun/2019:08:05:16 +0200] "GET /genres HTTP/1.1" 200 1334
0:0:0:0:0:0:0:1 - - [03/Jun/2019:08:05:16 +0200] "GET /albums HTTP/1.1" 200 1274
0:0:0:0:0:0:0:1 - - [03/Jun/2019:08:05:17 +0200] "GET /songs HTTP/1.1" 200 1198
0:0:0:0:0:0:0:1 - - [03/Jun/2019:08:06:41 +0200] "GET /songs HTTP/1.1" 200 3053
0:0:0:0:0:0:0:1 - - [03/Jun/2019:08:06:43 +0200] "GET /songs/7/delete HTTP/1.1" 200 1198
0:0:0:0:0:0:0:1 - - [03/Jun/2019:08:06:44 +0200] "GET /albums HTTP/1.1" 200 1737
0:0:0:0:0:0:0:1 - - [03/Jun/2019:08:06:47 +0200] "GET /songs HTTP/1.1" 500 10012
0:0:0:0:0:0:0:1 - - [03/Jun/2019:08:06:49 +0200] "GET /genres HTTP/1.1" 200 1530
0:0:0:0:0:0:0:1 - - [03/Jun/2019:08:06:51 +0200] "GET /albums HTTP/1.1" 200 1737
0:0:0:0:0:0:0:1 - - [03/Jun/2019:08:06:54 +0200] "GET /albums/9/songs HTTP/1.1" 500 10012
0:0:0:0:0:0:0:1 - - [03/Jun/2019:08:06:56 +0200] "GET /albums/6/songs HTTP/1.1" 200 1849
0:0:0:0:0:0:0:1 - - [03/Jun/2019:08:06:59 +0200] "GET /albums/1/songs HTTP/1.1" 500 10012
0:0:0:0:0:0:0:1 - - [03/Jun/2019:08:07:03 +0200] "GET /albums HTTP/1.1" 200 1737
0:0:0:0:0:0:0:1 - - [03/Jun/2019:08:07:03 +0200] "GET /favicon.ico HTTP/1.1" 200 67646
0:0:0:0:0:0:0:1 - - [03/Jun/2019:08:07:04 +0200] "GET /songs HTTP/1.1" 500 10012
0:0:0:0:0:0:0:1 - - [03/Jun/2019:08:07:31 +0200] "GET /albums HTTP/1.1" 200 1737
0:0:0:0:0:0:0:1 - - [03/Jun/2019:08:07:31 +0200] "GET /favicon.ico HTTP/1.1" 200 67646
0:0:0:0:0:0:0:1 - - [03/Jun/2019:08:07:33 +0200] "GET /songs HTTP/1.1" 200 3053
0:0:0:0:0:0:0:1 - - [03/Jun/2019:08:07:35 +0200] "GET /songs/8/delete HTTP/1.1" 200 1198
0:0:0:0:0:0:0:1 - - [03/Jun/2019:08:07:41 +0200] "GET /songs/ HTTP/1.1" 200 2432
0:0:0:0:0:0:0:1 - - [03/Jun/2019:08:07:48 +0200] "GET /albums HTTP/1.1" 200 1737
0:0:0:0:0:0:0:1 - - [03/Jun/2019:08:07:50 +0200] "GET /genres HTTP/1.1" 200 1530
0:0:0:0:0:0:0:1 - - [03/Jun/2019:08:07:55 +0200] "GET /albums HTTP/1.1" 200 1737
0:0:0:0:0:0:0:1 - - [03/Jun/2019:08:07:56 +0200] "GET /songs HTTP/1.1" 200 2432
0:0:0:0:0:0:0:1 - - [03/Jun/2019:08:14:00 +0200] "GET /songs HTTP/1.1" 200 3053
0:0:0:0:0:0:0:1 - - [03/Jun/2019:08:14:00 +0200] "GET /favicon.ico HTTP/1.1" 200 67646
0:0:0:0:0:0:0:1 - - [03/Jun/2019:08:14:03 +0200] "GET /songs/2/delete HTTP/1.1" 500 7099
0:0:0:0:0:0:0:1 - - [03/Jun/2019:08:14:08 +0200] "GET /songs HTTP/1.1" 200 3053
0:0:0:0:0:0:0:1 - - [03/Jun/2019:08:14:11 +0200] "GET /songs HTTP/1.1" 200 3053
0:0:0:0:0:0:0:1 - - [03/Jun/2019:08:14:11 +0200] "GET /favicon.ico HTTP/1.1" 200 67646
0:0:0:0:0:0:0:1 - - [03/Jun/2019:08:14:12 +0200] "GET /songs HTTP/1.1" 200 3053
0:0:0:0:0:0:0:1 - - [03/Jun/2019:08:14:12 +0200] "GET /favicon.ico HTTP/1.1" 200 67646
0:0:0:0:0:0:0:1 - - [03/Jun/2019:08:14:23 +0200] "GET /songs/5/delete HTTP/1.1" 302 -
0:0:0:0:0:0:0:1 - - [03/Jun/2019:08:14:24 +0200] "GET /songs HTTP/1.1" 200 2432
0:0:0:0:0:0:0:1 - - [03/Jun/2019:08:14:26 +0200] "GET /songs/7/delete HTTP/1.1" 500 7099
0:0:0:0:0:0:0:1 - - [03/Jun/2019:08:14:34 +0200] "GET /songs HTTP/1.1" 200 2432
0:0:0:0:0:0:0:1 - - [03/Jun/2019:08:14:34 +0200] "GET /favicon.ico HTTP/1.1" 200 67646
0:0:0:0:0:0:0:1 - - [03/Jun/2019:08:14:36 +0200] "GET /songs/2/delete HTTP/1.1" 500 7099
0:0:0:0:0:0:0:1 - - [03/Jun/2019:08:21:24 +0200] "GET /songs/2/delete HTTP/1.1" 500 7099
0:0:0:0:0:0:0:1 - - [03/Jun/2019:08:21:24 +0200] "GET /favicon.ico HTTP/1.1" 200 67646
0:0:0:0:0:0:0:1 - - [03/Jun/2019:08:21:26 +0200] "GET /songs/ HTTP/1.1" 200 2432
0:0:0:0:0:0:0:1 - - [03/Jun/2019:08:21:30 +0200] "GET /albums HTTP/1.1" 200 1737
0:0:0:0:0:0:0:1 - - [03/Jun/2019:08:21:32 +0200] "GET /albums/1/songs HTTP/1.1" 200 2339
0:0:0:0:0:0:0:1 - - [03/Jun/2019:08:21:37 +0200] "GET /songs HTTP/1.1" 200 2432
0:0:0:0:0:0:0:1 - - [03/Jun/2019:08:21:41 +0200] "GET /songs/7/delete HTTP/1.1" 500 7099
0:0:0:0:0:0:0:1 - - [03/Jun/2019:08:21:48 +0200] "GET /songs/2/delete HTTP/1.1" 500 7099
0:0:0:0:0:0:0:1 - - [03/Jun/2019:08:21:58 +0200] "GET /genres HTTP/1.1" 200 1530
0:0:0:0:0:0:0:1 - - [03/Jun/2019:08:22:00 +0200] "GET /albums HTTP/1.1" 200 1737
0:0:0:0:0:0:0:1 - - [03/Jun/2019:08:22:02 +0200] "GET /albums/new? HTTP/1.1" 200 1649
0:0:0:0:0:0:0:1 - - [03/Jun/2019:08:22:06 +0200] "POST /albums/new? HTTP/1.1" 302 -
0:0:0:0:0:0:0:1 - - [03/Jun/2019:08:22:06 +0200] "GET /albums HTTP/1.1" 200 1904
0:0:0:0:0:0:0:1 - - [03/Jun/2019:08:22:07 +0200] "GET /albums/new? HTTP/1.1" 200 1649
0:0:0:0:0:0:0:1 - - [03/Jun/2019:08:22:10 +0200] "GET /albums/21/songs HTTP/1.1" 200 1377
0:0:0:0:0:0:0:1 - - [03/Jun/2019:08:22:11 +0200] "GET /albums/21/songs/new? HTTP/1.1" 200 2791
0:0:0:0:0:0:0:1 - - [03/Jun/2019:08:22:15 +0200] "POST /albums/21/songs/new? HTTP/1.1" 500 17043
0:0:0:0:0:0:0:1 - - [03/Jun/2019:08:24:34 +0200] "GET /albums/ HTTP/1.1" 200 1737
0:0:0:0:0:0:0:1 - - [03/Jun/2019:08:24:37 +0200] "GET /albums/4/songs HTTP/1.1" 200 1849
0:0:0:0:0:0:0:1 - - [03/Jun/2019:08:24:38 +0200] "GET /albums/4/songs/new? HTTP/1.1" 200 2791
0:0:0:0:0:0:0:1 - - [03/Jun/2019:08:24:40 +0200] "POST /albums/4/songs/new? HTTP/1.1" 500 10361
0:0:0:0:0:0:0:1 - - [03/Jun/2019:08:52:41 +0200] "GET /albums HTTP/1.1" 200 1737
0:0:0:0:0:0:0:1 - - [03/Jun/2019:08:52:43 +0200] "GET /songs HTTP/1.1" 200 3053
0:0:0:0:0:0:0:1 - - [03/Jun/2019:08:52:46 +0200] "GET /albums HTTP/1.1" 200 1737
0:0:0:0:0:0:0:1 - - [03/Jun/2019:08:52:47 +0200] "GET /genres HTTP/1.1" 200 1530
0:0:0:0:0:0:0:1 - - [03/Jun/2019:08:52:48 +0200] "GET /albums HTTP/1.1" 200 1737
0:0:0:0:0:0:0:1 - - [03/Jun/2019:08:52:50 +0200] "GET /albums/9/songs HTTP/1.1" 200 1849
0:0:0:0:0:0:0:1 - - [03/Jun/2019:08:52:51 +0200] "GET /albums/9/songs/new? HTTP/1.1" 200 2791
0:0:0:0:0:0:0:1 - - [03/Jun/2019:08:52:56 +0200] "POST /albums/9/songs/new? HTTP/1.1" 500 16904
0:0:0:0:0:0:0:1 - - [03/Jun/2019:08:53:46 +0200] "GET /albums/9/songs/7/remove HTTP/1.1" 200 2155
0:0:0:0:0:0:0:1 - - [03/Jun/2019:08:53:48 +0200] "POST /albums/9/songs/7/remove HTTP/1.1" 302 -
0:0:0:0:0:0:0:1 - - [03/Jun/2019:08:53:48 +0200] "GET /albums/9/songs HTTP/1.1" 200 1837
0:0:0:0:0:0:0:1 - - [03/Jun/2019:08:53:55 +0200] "GET /albums/9/songs/21/remove HTTP/1.1" 200 2142
0:0:0:0:0:0:0:1 - - [03/Jun/2019:08:53:56 +0200] "POST /albums/9/songs/21/remove HTTP/1.1" 302 -
0:0:0:0:0:0:0:1 - - [03/Jun/2019:08:53:56 +0200] "GET /albums/9/songs HTTP/1.1" 200 1373
0:0:0:0:0:0:0:1 - - [03/Jun/2019:08:54:03 +0200] "GET /albums/9/songs/new? HTTP/1.1" 200 2877
0:0:0:0:0:0:0:1 - - [03/Jun/2019:08:54:06 +0200] "POST /albums/9/songs/new? HTTP/1.1" 302 -
0:0:0:0:0:0:0:1 - - [03/Jun/2019:08:54:06 +0200] "GET /albums/9/songs HTTP/1.1" 200 1850
0:0:0:0:0:0:0:1 - - [03/Jun/2019:08:54:09 +0200] "GET /albums/9/songs/new? HTTP/1.1" 200 2963
0:0:0:0:0:0:0:1 - - [03/Jun/2019:08:54:12 +0200] "POST /albums/9/songs/new? HTTP/1.1" 500 19273
0:0:0:0:0:0:0:1 - - [03/Jun/2019:08:54:48 +0200] "GET /albums/ HTTP/1.1" 200 1737
0:0:0:0:0:0:0:1 - - [03/Jun/2019:08:55:48 +0200] "GET /genres HTTP/1.1" 200 1530
0:0:0:0:0:0:0:1 - - [03/Jun/2019:08:55:48 +0200] "GET /css/main.css HTTP/1.1" 304 -
0:0:0:0:0:0:0:1 - - [03/Jun/2019:08:55:48 +0200] "GET /css/bootstrap.min.css HTTP/1.1" 304 -
0:0:0:0:0:0:0:1 - - [03/Jun/2019:08:55:50 +0200] "GET /albums HTTP/1.1" 200 1737
0:0:0:0:0:0:0:1 - - [03/Jun/2019:08:56:15 +0200] "GET /albums/new? HTTP/1.1" 200 1649
0:0:0:0:0:0:0:1 - - [03/Jun/2019:08:56:18 +0200] "POST /albums/new? HTTP/1.1" 302 -
0:0:0:0:0:0:0:1 - - [03/Jun/2019:08:56:18 +0200] "GET /albums HTTP/1.1" 200 1897
0:0:0:0:0:0:0:1 - - [03/Jun/2019:08:56:21 +0200] "GET /albums/21/songs HTTP/1.1" 200 1374
0:0:0:0:0:0:0:1 - - [03/Jun/2019:08:56:22 +0200] "GET /albums/21/songs/new? HTTP/1.1" 200 2791
0:0:0:0:0:0:0:1 - - [03/Jun/2019:08:56:26 +0200] "POST /albums/21/songs/new? HTTP/1.1" 500 12678
127.0.0.1 - - [03/Jun/2019:09:11:53 +0200] "GET /albums/ HTTP/1.1" 200 1737
127.0.0.1 - - [03/Jun/2019:09:11:53 +0200] "GET /favicon.ico HTTP/1.1" 200 67646
127.0.0.1 - - [03/Jun/2019:09:11:55 +0200] "GET /albums/4/songs HTTP/1.1" 200 1849
127.0.0.1 - - [03/Jun/2019:09:11:56 +0200] "GET /albums/4/songs/new? HTTP/1.1" 200 2791
127.0.0.1 - - [03/Jun/2019:09:12:00 +0200] "POST /albums/4/songs/new? HTTP/1.1" 500 12678
0:0:0:0:0:0:0:1 - - [03/Jun/2019:09:13:20 +0200] "GET /albums HTTP/1.1" 200 1737
0:0:0:0:0:0:0:1 - - [03/Jun/2019:09:13:21 +0200] "GET /songs HTTP/1.1" 200 3053
0:0:0:0:0:0:0:1 - - [03/Jun/2019:09:13:23 +0200] "GET /songs/8/delete HTTP/1.1" 302 -
0:0:0:0:0:0:0:1 - - [03/Jun/2019:09:13:23 +0200] "GET /songs HTTP/1.1" 200 2432
0:0:0:0:0:0:0:1 - - [03/Jun/2019:09:13:28 +0200] "GET /genres HTTP/1.1" 200 1530
0:0:0:0:0:0:0:1 - - [03/Jun/2019:09:13:30 +0200] "GET /albums HTTP/1.1" 200 1737
0:0:0:0:0:0:0:1 - - [03/Jun/2019:09:13:32 +0200] "GET /albums/4/songs HTTP/1.1" 200 1849
0:0:0:0:0:0:0:1 - - [03/Jun/2019:09:13:34 +0200] "GET /albums/4/songs/new? HTTP/1.1" 200 2791
0:0:0:0:0:0:0:1 - - [03/Jun/2019:09:13:40 +0200] "POST /albums/4/songs/new? HTTP/1.1" 302 -
0:0:0:0:0:0:0:1 - - [03/Jun/2019:09:13:40 +0200] "GET /albums/4/songs HTTP/1.1" 200 2329
0:0:0:0:0:0:0:1 - - [03/Jun/2019:09:13:43 +0200] "GET /genres HTTP/1.1" 200 1631
0:0:0:0:0:0:0:1 - - [03/Jun/2019:09:13:47 +0200] "GET /albums HTTP/1.1" 200 1737
0:0:0:0:0:0:0:1 - - [03/Jun/2019:09:13:49 +0200] "GET /songs HTTP/1.1" 200 3043
0:0:0:0:0:0:0:1 - - [03/Jun/2019:09:13:52 +0200] "GET /songs/21/delete HTTP/1.1" 302 -
0:0:0:0:0:0:0:1 - - [03/Jun/2019:09:13:52 +0200] "GET /songs HTTP/1.1" 200 2432
0:0:0:0:0:0:0:1 - - [03/Jun/2019:09:13:54 +0200] "GET /albums HTTP/1.1" 200 1737
0:0:0:0:0:0:0:1 - - [03/Jun/2019:09:13:55 +0200] "GET /albums/new? HTTP/1.1" 200 1649
0:0:0:0:0:0:0:1 - - [03/Jun/2019:09:13:58 +0200] "POST /albums/new? HTTP/1.1" 302 -
0:0:0:0:0:0:0:1 - - [03/Jun/2019:09:13:58 +0200] "GET /albums HTTP/1.1" 200 1897
0:0:0:0:0:0:0:1 - - [03/Jun/2019:09:13:59 +0200] "GET /albums/23/songs HTTP/1.1" 200 1374
0:0:0:0:0:0:0:1 - - [03/Jun/2019:09:14:00 +0200] "GET /albums/23/songs/new? HTTP/1.1" 200 2877
0:0:0:0:0:0:0:1 - - [03/Jun/2019:09:14:05 +0200] "POST /albums/23/songs/new? HTTP/1.1" 302 -
0:0:0:0:0:0:0:1 - - [03/Jun/2019:09:14:05 +0200] "GET /albums/23/songs HTTP/1.1" 200 1849
0:0:0:0:0:0:0:1 - - [03/Jun/2019:09:14:07 +0200] "GET /albums/23/songs/new? HTTP/1.1" 200 2963
0:0:0:0:0:0:0:1 - - [03/Jun/2019:09:14:12 +0200] "POST /albums/23/songs/new? HTTP/1.1" 302 -
0:0:0:0:0:0:0:1 - - [03/Jun/2019:09:14:12 +0200] "GET /albums/23/songs HTTP/1.1" 200 2341
0:0:0:0:0:0:0:1 - - [03/Jun/2019:09:14:34 +0200] "GET /albums/23/songs/26/remove HTTP/1.1" 200 2154
0:0:0:0:0:0:0:1 - - [03/Jun/2019:09:14:36 +0200] "POST /albums/23/songs/26/remove HTTP/1.1" 302 -
0:0:0:0:0:0:0:1 - - [03/Jun/2019:09:14:36 +0200] "GET /albums/23/songs HTTP/1.1" 200 1849
0:0:0:0:0:0:0:1 - - [03/Jun/2019:09:14:39 +0200] "GET /albums/23/songs/24/update HTTP/1.1" 200 2975
0:0:0:0:0:0:0:1 - - [03/Jun/2019:09:14:42 +0200] "POST /albums/23/songs/24/update HTTP/1.1" 500 17077
0:0:0:0:0:0:0:1 - - [03/Jun/2019:09:14:47 +0200] "POST /albums/23/songs/24/update HTTP/1.1" 302 -
0:0:0:0:0:0:0:1 - - [03/Jun/2019:09:14:47 +0200] "GET /albums/23/songs HTTP/1.1" 200 1849
0:0:0:0:0:0:0:1 - - [03/Jun/2019:09:14:50 +0200] "GET /albums/23/songs/24/update HTTP/1.1" 200 2938
0:0:0:0:0:0:0:1 - - [03/Jun/2019:09:14:53 +0200] "POST /albums/23/songs/24/update HTTP/1.1" 302 -
0:0:0:0:0:0:0:1 - - [03/Jun/2019:09:14:53 +0200] "GET /albums/23/songs HTTP/1.1" 200 1849
0:0:0:0:0:0:0:1 - - [03/Jun/2019:09:15:05 +0200] "GET /albums/23/songs/24/update HTTP/1.1" 200 2938
0:0:0:0:0:0:0:1 - - [03/Jun/2019:09:15:08 +0200] "POST /albums/23/songs/24/update HTTP/1.1" 500 16827
0:0:0:0:0:0:0:1 - - [03/Jun/2019:09:15:11 +0200] "POST /albums/23/songs/24/update HTTP/1.1" 302 -
0:0:0:0:0:0:0:1 - - [03/Jun/2019:09:15:11 +0200] "GET /albums/23/songs HTTP/1.1" 200 1851
0:0:0:0:0:0:0:1 - - [03/Jun/2019:09:15:17 +0200] "GET /genres HTTP/1.1" 200 1833
0:0:0:0:0:0:0:1 - - [03/Jun/2019:09:15:19 +0200] "GET /albums HTTP/1.1" 200 1897
0:0:0:0:0:0:0:1 - - [03/Jun/2019:09:15:28 +0200] "GET /songs HTTP/1.1" 200 3673
0:0:0:0:0:0:0:1 - - [03/Jun/2019:09:16:03 +0200] "GET /genres HTTP/1.1" 200 1833
0:0:0:0:0:0:0:1 - - [03/Jun/2019:09:16:05 +0200] "GET /songs HTTP/1.1" 200 3673
0:0:0:0:0:0:0:1 - - [03/Jun/2019:09:16:12 +0200] "GET /albums HTTP/1.1" 200 1897
0:0:0:0:0:0:0:1 - - [03/Jun/2019:09:16:13 +0200] "GET /songs HTTP/1.1" 200 3673
0:0:0:0:0:0:0:1 - - [03/Jun/2019:09:16:19 +0200] "GET /songs/24/delete HTTP/1.1" 302 -
0:0:0:0:0:0:0:1 - - [03/Jun/2019:09:16:19 +0200] "GET /songs HTTP/1.1" 200 3053
0:0:0:0:0:0:0:1 - - [03/Jun/2019:09:16:20 +0200] "GET /genres HTTP/1.1" 200 1833
0:0:0:0:0:0:0:1 - - [03/Jun/2019:09:16:22 +0200] "GET /songs HTTP/1.1" 200 3053
0:0:0:0:0:0:0:1 - - [03/Jun/2019:09:16:23 +0200] "GET /songs/26/delete HTTP/1.1" 302 -
0:0:0:0:0:0:0:1 - - [03/Jun/2019:09:16:23 +0200] "GET /songs HTTP/1.1" 200 2432
0:0:0:0:0:0:0:1 - - [03/Jun/2019:09:16:24 +0200] "GET /genres HTTP/1.1" 200 1833
0:0:0:0:0:0:0:1 - - [03/Jun/2019:09:19:32 +0200] "GET /genres HTTP/1.1" 500 6029
0:0:0:0:0:0:0:1 - - [03/Jun/2019:09:19:32 +0200] "GET /favicon.ico HTTP/1.1" 200 67646
0:0:0:0:0:0:0:1 - - [03/Jun/2019:09:19:36 +0200] "GET /genres HTTP/1.1" 500 6029
0:0:0:0:0:0:0:1 - - [03/Jun/2019:09:19:40 +0200] "GET /songs HTTP/1.1" 200 3053
0:0:0:0:0:0:0:1 - - [03/Jun/2019:09:19:41 +0200] "GET /albums HTTP/1.1" 200 1737
0:0:0:0:0:0:0:1 - - [03/Jun/2019:09:19:43 +0200] "GET /songs HTTP/1.1" 200 3053
0:0:0:0:0:0:0:1 - - [03/Jun/2019:09:19:55 +0200] "GET /songs/2/delete HTTP/1.1" 500 7098
0:0:0:0:0:0:0:1 - - [03/Jun/2019:09:19:57 +0200] "GET /songs/5/delete HTTP/1.1" 302 -
0:0:0:0:0:0:0:1 - - [03/Jun/2019:09:19:57 +0200] "GET /songs HTTP/1.1" 200 2432
0:0:0:0:0:0:0:1 - - [03/Jun/2019:09:20:26 +0200] "GET /genres HTTP/1.1" 500 6029
0:0:0:0:0:0:0:1 - - [03/Jun/2019:09:21:22 +0200] "GET /songs/2/delete HTTP/1.1" 500 7098
0:0:0:0:0:0:0:1 - - [03/Jun/2019:09:21:27 +0200] "GET /songs HTTP/1.1" 200 2432
0:0:0:0:0:0:0:1 - - [03/Jun/2019:09:21:28 +0200] "GET /albums HTTP/1.1" 200 1737
0:0:0:0:0:0:0:1 - - [03/Jun/2019:09:21:30 +0200] "GET /albums/9/songs HTTP/1.1" 200 1849
0:0:0:0:0:0:0:1 - - [03/Jun/2019:09:21:32 +0200] "GET /albums/9/songs/7/remove HTTP/1.1" 200 2155
0:0:0:0:0:0:0:1 - - [03/Jun/2019:09:21:33 +0200] "POST /albums/9/songs/7/remove HTTP/1.1" 302 -
0:0:0:0:0:0:0:1 - - [03/Jun/2019:09:21:33 +0200] "GET /albums/9/songs HTTP/1.1" 200 1373
0:0:0:0:0:0:0:1 - - [03/Jun/2019:09:21:38 +0200] "GET /albums HTTP/1.1" 200 1737
0:0:0:0:0:0:0:1 - - [03/Jun/2019:09:22:01 +0200] "GET /genres HTTP/1.1" 500 6029
0:0:0:0:0:0:0:1 - - [03/Jun/2019:09:22:03 +0200] "GET /albums HTTP/1.1" 200 1737
0:0:0:0:0:0:0:1 - - [03/Jun/2019:09:22:04 +0200] "GET /songs HTTP/1.1" 200 2432
0:0:0:0:0:0:0:1 - - [03/Jun/2019:09:22:11 +0200] "GET /albums HTTP/1.1" 200 1737
0:0:0:0:0:0:0:1 - - [03/Jun/2019:09:30:30 +0200] "GET /albums HTTP/1.1" 200 1737
0:0:0:0:0:0:0:1 - - [03/Jun/2019:09:30:31 +0200] "GET /genres HTTP/1.1" 500 6029
